2024-07-29 15:57:10.327 [info] Extension host with pid 265764 started
2024-07-29 15:57:10.327 [error] Error: EEXIST: file already exists, open '/var/www/1st.kinari.ink/.vscode-server/data/User/workspaceStorage/e9b19b7d38abba8bf47e77966c5c27fc/vscode.lock'
2024-07-29 15:57:10.327 [info] Lock '/var/www/1st.kinari.ink/.vscode-server/data/User/workspaceStorage/e9b19b7d38abba8bf47e77966c5c27fc/vscode.lock': Could not acquire lock, checking if the file is stale.
2024-07-29 15:57:10.328 [info] Lock '/var/www/1st.kinari.ink/.vscode-server/data/User/workspaceStorage/e9b19b7d38abba8bf47e77966c5c27fc/vscode.lock': The lock does not look stale, elapsed: 237 ms, giving up.
2024-07-29 15:57:10.332 [error] Error: EEXIST: file already exists, open '/var/www/1st.kinari.ink/.vscode-server/data/User/workspaceStorage/e9b19b7d38abba8bf47e77966c5c27fc-1/vscode.lock'
2024-07-29 15:57:10.333 [info] Lock '/var/www/1st.kinari.ink/.vscode-server/data/User/workspaceStorage/e9b19b7d38abba8bf47e77966c5c27fc-1/vscode.lock': Could not acquire lock, checking if the file is stale.
2024-07-29 15:57:10.333 [info] Lock '/var/www/1st.kinari.ink/.vscode-server/data/User/workspaceStorage/e9b19b7d38abba8bf47e77966c5c27fc-1/vscode.lock': The lock does not look stale, elapsed: 173 ms, giving up.
2024-07-29 15:57:10.441 [info] Eager extensions activated
2024-07-29 15:57:10.464 [info] Lock '/var/www/1st.kinari.ink/.vscode-server/data/User/workspaceStorage/e9b19b7d38abba8bf47e77966c5c27fc-2/vscode.lock': Lock acquired.
2024-07-29 15:57:11.639 [info] ExtensionService#_doActivateExtension vscode.debug-auto-launch, startup: false, activationEvent: 'onStartupFinished'
2024-07-29 15:57:11.640 [info] ExtensionService#_doActivateExtension vscode.git-base, startup: false, activationEvent: '*', root cause: vscode.git
2024-07-29 15:57:11.640 [info] ExtensionService#_doActivateExtension vscode.merge-conflict, startup: false, activationEvent: 'onStartupFinished'
2024-07-29 15:57:11.686 [info] ExtensionService#_doActivateExtension vscode.git, startup: false, activationEvent: '*'
2024-07-29 15:57:11.686 [info] ExtensionService#_doActivateExtension vscode.github, startup: false, activationEvent: '*'
2024-07-29 15:57:12.810 [info] ExtensionService#_doActivateExtension vscode.html-language-features, startup: false, activationEvent: 'onLanguage:html'
2024-07-29 15:57:12.810 [info] ExtensionService#_doActivateExtension vscode.emmet, startup: false, activationEvent: 'onLanguage'
2024-07-29 15:57:13.792 [info] ExtensionService#_doActivateExtension vscode.configuration-editing, startup: false, activationEvent: 'onLanguage:jsonc'
2024-07-29 15:57:13.793 [info] ExtensionService#_doActivateExtension vscode.json-language-features, startup: false, activationEvent: 'onLanguage:jsonc'
2024-07-29 15:57:13.793 [info] ExtensionService#_doActivateExtension vscode.typescript-language-features, startup: false, activationEvent: 'onLanguage:jsonc'
2024-07-29 19:06:01.185 [info] Extension host terminating: renderer disconnected for too long (1)
2024-07-29 19:06:01.192 [info] Lock '/var/www/1st.kinari.ink/.vscode-server/data/User/workspaceStorage/e9b19b7d38abba8bf47e77966c5c27fc-2/vscode.lock': Marking the lockfile as scheduled to be released in 6000 ms.
2024-07-29 19:06:01.235 [info] Extension host with pid 265764 exiting with code 0
