2024-07-31 12:21:05.684 [info] Extension host with pid 300827 started
2024-07-31 12:21:05.718 [info] ExtensionService#_doActivateExtension vscode.emmet, startup: false, activationEvent: 'onLanguage'
2024-07-31 12:21:05.719 [info] ExtensionService#_doActivateExtension vscode.html-language-features, startup: false, activationEvent: 'onLanguage:html'
2024-07-31 12:21:05.904 [info] Lock '/var/www/1st.kinari.ink/.vscode-server/data/User/workspaceStorage/e9b19b7d38abba8bf47e77966c5c27fc/vscode.lock': Lock acquired.
2024-07-31 12:21:06.720 [info] ExtensionService#_doActivateExtension vscode.git-base, startup: true, activationEvent: '*', root cause: vscode.git
2024-07-31 12:21:06.739 [info] ExtensionService#_doActivateExtension vscode.git, startup: true, activationEvent: '*'
2024-07-31 12:21:06.739 [info] ExtensionService#_doActivateExtension vscode.github, startup: true, activationEvent: '*'
2024-07-31 12:21:07.469 [info] Eager extensions activated
2024-07-31 12:21:07.470 [info] ExtensionService#_doActivateExtension vscode.debug-auto-launch, startup: false, activationEvent: 'onStartupFinished'
2024-07-31 12:21:07.470 [info] ExtensionService#_doActivateExtension vscode.merge-conflict, startup: false, activationEvent: 'onStartupFinished'
2024-07-31 12:25:05.226 [warning] [Decorations] CAPPING events from decorations provider vscode.git 2728
2024-07-31 12:25:05.299 [warning] [Decorations] CAPPING events from decorations provider vscode.git 2728
2024-07-31 12:25:06.250 [error] Error: No such branch: main.
	at F.getBranch (/var/www/1st.kinari.ink/.vscode-server/cli/servers/Stable-f1e16e1e6214d7c44d078b1f0607b2388f29d729/server/extensions/git/dist/main.js:2:935457)
	at async T.retryRun (/var/www/1st.kinari.ink/.vscode-server/cli/servers/Stable-f1e16e1e6214d7c44d078b1f0607b2388f29d729/server/extensions/git/dist/main.js:2:1028191)
	at async T.run (/var/www/1st.kinari.ink/.vscode-server/cli/servers/Stable-f1e16e1e6214d7c44d078b1f0607b2388f29d729/server/extensions/git/dist/main.js:2:1027795)
	at async T.getBranch (/var/www/1st.kinari.ink/.vscode-server/cli/servers/Stable-f1e16e1e6214d7c44d078b1f0607b2388f29d729/server/extensions/git/dist/main.js:2:1016176)
	at async T.getBranchBase (/var/www/1st.kinari.ink/.vscode-server/cli/servers/Stable-f1e16e1e6214d7c44d078b1f0607b2388f29d729/server/extensions/git/dist/main.js:2:1016462)
	at async t.GitHistoryProvider.resolveHEADMergeBase (/var/www/1st.kinari.ink/.vscode-server/cli/servers/Stable-f1e16e1e6214d7c44d078b1f0607b2388f29d729/server/extensions/git/dist/main.js:2:945925)
	at async t.GitHistoryProvider.onDidRunGitStatus (/var/www/1st.kinari.ink/.vscode-server/cli/servers/Stable-f1e16e1e6214d7c44d078b1f0607b2388f29d729/server/extensions/git/dist/main.js:2:940157)
2024-07-31 12:25:06.305 [error] Error: No such branch: main.
	at F.getBranch (/var/www/1st.kinari.ink/.vscode-server/cli/servers/Stable-f1e16e1e6214d7c44d078b1f0607b2388f29d729/server/extensions/git/dist/main.js:2:935457)
	at async T.retryRun (/var/www/1st.kinari.ink/.vscode-server/cli/servers/Stable-f1e16e1e6214d7c44d078b1f0607b2388f29d729/server/extensions/git/dist/main.js:2:1028191)
	at async T.run (/var/www/1st.kinari.ink/.vscode-server/cli/servers/Stable-f1e16e1e6214d7c44d078b1f0607b2388f29d729/server/extensions/git/dist/main.js:2:1027795)
	at async T.getBranch (/var/www/1st.kinari.ink/.vscode-server/cli/servers/Stable-f1e16e1e6214d7c44d078b1f0607b2388f29d729/server/extensions/git/dist/main.js:2:1016176)
	at async T.getBranchBase (/var/www/1st.kinari.ink/.vscode-server/cli/servers/Stable-f1e16e1e6214d7c44d078b1f0607b2388f29d729/server/extensions/git/dist/main.js:2:1016462)
	at async t.GitHistoryProvider.resolveHEADMergeBase (/var/www/1st.kinari.ink/.vscode-server/cli/servers/Stable-f1e16e1e6214d7c44d078b1f0607b2388f29d729/server/extensions/git/dist/main.js:2:945925)
	at async t.GitHistoryProvider.onDidRunGitStatus (/var/www/1st.kinari.ink/.vscode-server/cli/servers/Stable-f1e16e1e6214d7c44d078b1f0607b2388f29d729/server/extensions/git/dist/main.js:2:940157)
2024-07-31 12:25:17.217 [warning] [Decorations] CAPPING events from decorations provider vscode.git 2728
2024-07-31 12:25:18.222 [error] Error: Failed to execute git
	at t.Git._exec (/var/www/1st.kinari.ink/.vscode-server/cli/servers/Stable-f1e16e1e6214d7c44d078b1f0607b2388f29d729/server/extensions/git/dist/main.js:2:909317)
	at process.processTicksAndRejections (node:internal/process/task_queues:95:5)
	at async t.Git.exec (/var/www/1st.kinari.ink/.vscode-server/cli/servers/Stable-f1e16e1e6214d7c44d078b1f0607b2388f29d729/server/extensions/git/dist/main.js:2:908385)
	at async F.exec (/var/www/1st.kinari.ink/.vscode-server/cli/servers/Stable-f1e16e1e6214d7c44d078b1f0607b2388f29d729/server/extensions/git/dist/main.js:2:913888)
	at async F.handleCommitError (/var/www/1st.kinari.ink/.vscode-server/cli/servers/Stable-f1e16e1e6214d7c44d078b1f0607b2388f29d729/server/extensions/git/dist/main.js:2:921516)
	at async F.commit (/var/www/1st.kinari.ink/.vscode-server/cli/servers/Stable-f1e16e1e6214d7c44d078b1f0607b2388f29d729/server/extensions/git/dist/main.js:2:921026)
	at async /var/www/1st.kinari.ink/.vscode-server/cli/servers/Stable-f1e16e1e6214d7c44d078b1f0607b2388f29d729/server/extensions/git/dist/main.js:2:1013220
	at async T.retryRun (/var/www/1st.kinari.ink/.vscode-server/cli/servers/Stable-f1e16e1e6214d7c44d078b1f0607b2388f29d729/server/extensions/git/dist/main.js:2:1028191)
	at async T.run (/var/www/1st.kinari.ink/.vscode-server/cli/servers/Stable-f1e16e1e6214d7c44d078b1f0607b2388f29d729/server/extensions/git/dist/main.js:2:1027795)
	at async T.commit (/var/www/1st.kinari.ink/.vscode-server/cli/servers/Stable-f1e16e1e6214d7c44d078b1f0607b2388f29d729/server/extensions/git/dist/main.js:2:1012902)
	at async /var/www/1st.kinari.ink/.vscode-server/cli/servers/Stable-f1e16e1e6214d7c44d078b1f0607b2388f29d729/server/extensions/github/dist/extension.js:2:313785
2024-07-31 12:25:18.223 [error] Error: No such branch: main.
	at F.getBranch (/var/www/1st.kinari.ink/.vscode-server/cli/servers/Stable-f1e16e1e6214d7c44d078b1f0607b2388f29d729/server/extensions/git/dist/main.js:2:935457)
	at async T.retryRun (/var/www/1st.kinari.ink/.vscode-server/cli/servers/Stable-f1e16e1e6214d7c44d078b1f0607b2388f29d729/server/extensions/git/dist/main.js:2:1028191)
	at async T.run (/var/www/1st.kinari.ink/.vscode-server/cli/servers/Stable-f1e16e1e6214d7c44d078b1f0607b2388f29d729/server/extensions/git/dist/main.js:2:1027795)
	at async T.getBranch (/var/www/1st.kinari.ink/.vscode-server/cli/servers/Stable-f1e16e1e6214d7c44d078b1f0607b2388f29d729/server/extensions/git/dist/main.js:2:1016176)
	at async T.getBranchBase (/var/www/1st.kinari.ink/.vscode-server/cli/servers/Stable-f1e16e1e6214d7c44d078b1f0607b2388f29d729/server/extensions/git/dist/main.js:2:1016462)
	at async t.GitHistoryProvider.resolveHEADMergeBase (/var/www/1st.kinari.ink/.vscode-server/cli/servers/Stable-f1e16e1e6214d7c44d078b1f0607b2388f29d729/server/extensions/git/dist/main.js:2:945925)
	at async t.GitHistoryProvider.onDidRunGitStatus (/var/www/1st.kinari.ink/.vscode-server/cli/servers/Stable-f1e16e1e6214d7c44d078b1f0607b2388f29d729/server/extensions/git/dist/main.js:2:940157)
2024-07-31 12:25:54.470 [warning] [Decorations] CAPPING events from decorations provider vscode.git 2728
2024-07-31 12:25:55.488 [error] Error: No such branch: main.
	at F.getBranch (/var/www/1st.kinari.ink/.vscode-server/cli/servers/Stable-f1e16e1e6214d7c44d078b1f0607b2388f29d729/server/extensions/git/dist/main.js:2:935457)
	at async T.retryRun (/var/www/1st.kinari.ink/.vscode-server/cli/servers/Stable-f1e16e1e6214d7c44d078b1f0607b2388f29d729/server/extensions/git/dist/main.js:2:1028191)
	at async T.run (/var/www/1st.kinari.ink/.vscode-server/cli/servers/Stable-f1e16e1e6214d7c44d078b1f0607b2388f29d729/server/extensions/git/dist/main.js:2:1027795)
	at async T.getBranch (/var/www/1st.kinari.ink/.vscode-server/cli/servers/Stable-f1e16e1e6214d7c44d078b1f0607b2388f29d729/server/extensions/git/dist/main.js:2:1016176)
	at async T.getBranchBase (/var/www/1st.kinari.ink/.vscode-server/cli/servers/Stable-f1e16e1e6214d7c44d078b1f0607b2388f29d729/server/extensions/git/dist/main.js:2:1016462)
	at async t.GitHistoryProvider.resolveHEADMergeBase (/var/www/1st.kinari.ink/.vscode-server/cli/servers/Stable-f1e16e1e6214d7c44d078b1f0607b2388f29d729/server/extensions/git/dist/main.js:2:945925)
	at async t.GitHistoryProvider.onDidRunGitStatus (/var/www/1st.kinari.ink/.vscode-server/cli/servers/Stable-f1e16e1e6214d7c44d078b1f0607b2388f29d729/server/extensions/git/dist/main.js:2:940157)
2024-07-31 12:25:59.535 [warning] [Decorations] CAPPING events from decorations provider vscode.git 2728
2024-07-31 12:26:00.541 [error] Error: No such branch: main.
	at F.getBranch (/var/www/1st.kinari.ink/.vscode-server/cli/servers/Stable-f1e16e1e6214d7c44d078b1f0607b2388f29d729/server/extensions/git/dist/main.js:2:935457)
	at async T.retryRun (/var/www/1st.kinari.ink/.vscode-server/cli/servers/Stable-f1e16e1e6214d7c44d078b1f0607b2388f29d729/server/extensions/git/dist/main.js:2:1028191)
	at async T.run (/var/www/1st.kinari.ink/.vscode-server/cli/servers/Stable-f1e16e1e6214d7c44d078b1f0607b2388f29d729/server/extensions/git/dist/main.js:2:1027795)
	at async T.getBranch (/var/www/1st.kinari.ink/.vscode-server/cli/servers/Stable-f1e16e1e6214d7c44d078b1f0607b2388f29d729/server/extensions/git/dist/main.js:2:1016176)
	at async T.getBranchBase (/var/www/1st.kinari.ink/.vscode-server/cli/servers/Stable-f1e16e1e6214d7c44d078b1f0607b2388f29d729/server/extensions/git/dist/main.js:2:1016462)
	at async t.GitHistoryProvider.resolveHEADMergeBase (/var/www/1st.kinari.ink/.vscode-server/cli/servers/Stable-f1e16e1e6214d7c44d078b1f0607b2388f29d729/server/extensions/git/dist/main.js:2:945925)
	at async t.GitHistoryProvider.onDidRunGitStatus (/var/www/1st.kinari.ink/.vscode-server/cli/servers/Stable-f1e16e1e6214d7c44d078b1f0607b2388f29d729/server/extensions/git/dist/main.js:2:940157)
2024-07-31 12:26:04.585 [warning] [Decorations] CAPPING events from decorations provider vscode.git 2728
2024-07-31 12:26:05.589 [error] Error: No such branch: main.
	at F.getBranch (/var/www/1st.kinari.ink/.vscode-server/cli/servers/Stable-f1e16e1e6214d7c44d078b1f0607b2388f29d729/server/extensions/git/dist/main.js:2:935457)
	at async T.retryRun (/var/www/1st.kinari.ink/.vscode-server/cli/servers/Stable-f1e16e1e6214d7c44d078b1f0607b2388f29d729/server/extensions/git/dist/main.js:2:1028191)
	at async T.run (/var/www/1st.kinari.ink/.vscode-server/cli/servers/Stable-f1e16e1e6214d7c44d078b1f0607b2388f29d729/server/extensions/git/dist/main.js:2:1027795)
	at async T.getBranch (/var/www/1st.kinari.ink/.vscode-server/cli/servers/Stable-f1e16e1e6214d7c44d078b1f0607b2388f29d729/server/extensions/git/dist/main.js:2:1016176)
	at async T.getBranchBase (/var/www/1st.kinari.ink/.vscode-server/cli/servers/Stable-f1e16e1e6214d7c44d078b1f0607b2388f29d729/server/extensions/git/dist/main.js:2:1016462)
	at async t.GitHistoryProvider.resolveHEADMergeBase (/var/www/1st.kinari.ink/.vscode-server/cli/servers/Stable-f1e16e1e6214d7c44d078b1f0607b2388f29d729/server/extensions/git/dist/main.js:2:945925)
	at async t.GitHistoryProvider.onDidRunGitStatus (/var/www/1st.kinari.ink/.vscode-server/cli/servers/Stable-f1e16e1e6214d7c44d078b1f0607b2388f29d729/server/extensions/git/dist/main.js:2:940157)
2024-07-31 12:26:09.634 [warning] [Decorations] CAPPING events from decorations provider vscode.git 2728
2024-07-31 12:26:10.637 [error] Error: No such branch: main.
	at F.getBranch (/var/www/1st.kinari.ink/.vscode-server/cli/servers/Stable-f1e16e1e6214d7c44d078b1f0607b2388f29d729/server/extensions/git/dist/main.js:2:935457)
	at async T.retryRun (/var/www/1st.kinari.ink/.vscode-server/cli/servers/Stable-f1e16e1e6214d7c44d078b1f0607b2388f29d729/server/extensions/git/dist/main.js:2:1028191)
	at async T.run (/var/www/1st.kinari.ink/.vscode-server/cli/servers/Stable-f1e16e1e6214d7c44d078b1f0607b2388f29d729/server/extensions/git/dist/main.js:2:1027795)
	at async T.getBranch (/var/www/1st.kinari.ink/.vscode-server/cli/servers/Stable-f1e16e1e6214d7c44d078b1f0607b2388f29d729/server/extensions/git/dist/main.js:2:1016176)
	at async T.getBranchBase (/var/www/1st.kinari.ink/.vscode-server/cli/servers/Stable-f1e16e1e6214d7c44d078b1f0607b2388f29d729/server/extensions/git/dist/main.js:2:1016462)
	at async t.GitHistoryProvider.resolveHEADMergeBase (/var/www/1st.kinari.ink/.vscode-server/cli/servers/Stable-f1e16e1e6214d7c44d078b1f0607b2388f29d729/server/extensions/git/dist/main.js:2:945925)
	at async t.GitHistoryProvider.onDidRunGitStatus (/var/www/1st.kinari.ink/.vscode-server/cli/servers/Stable-f1e16e1e6214d7c44d078b1f0607b2388f29d729/server/extensions/git/dist/main.js:2:940157)
2024-07-31 12:26:14.682 [warning] [Decorations] CAPPING events from decorations provider vscode.git 2728
2024-07-31 12:26:15.685 [error] Error: No such branch: main.
	at F.getBranch (/var/www/1st.kinari.ink/.vscode-server/cli/servers/Stable-f1e16e1e6214d7c44d078b1f0607b2388f29d729/server/extensions/git/dist/main.js:2:935457)
	at async T.retryRun (/var/www/1st.kinari.ink/.vscode-server/cli/servers/Stable-f1e16e1e6214d7c44d078b1f0607b2388f29d729/server/extensions/git/dist/main.js:2:1028191)
	at async T.run (/var/www/1st.kinari.ink/.vscode-server/cli/servers/Stable-f1e16e1e6214d7c44d078b1f0607b2388f29d729/server/extensions/git/dist/main.js:2:1027795)
	at async T.getBranch (/var/www/1st.kinari.ink/.vscode-server/cli/servers/Stable-f1e16e1e6214d7c44d078b1f0607b2388f29d729/server/extensions/git/dist/main.js:2:1016176)
	at async T.getBranchBase (/var/www/1st.kinari.ink/.vscode-server/cli/servers/Stable-f1e16e1e6214d7c44d078b1f0607b2388f29d729/server/extensions/git/dist/main.js:2:1016462)
	at async t.GitHistoryProvider.resolveHEADMergeBase (/var/www/1st.kinari.ink/.vscode-server/cli/servers/Stable-f1e16e1e6214d7c44d078b1f0607b2388f29d729/server/extensions/git/dist/main.js:2:945925)
	at async t.GitHistoryProvider.onDidRunGitStatus (/var/www/1st.kinari.ink/.vscode-server/cli/servers/Stable-f1e16e1e6214d7c44d078b1f0607b2388f29d729/server/extensions/git/dist/main.js:2:940157)
2024-07-31 12:26:19.731 [warning] [Decorations] CAPPING events from decorations provider vscode.git 2728
2024-07-31 12:26:20.735 [error] Error: No such branch: main.
	at F.getBranch (/var/www/1st.kinari.ink/.vscode-server/cli/servers/Stable-f1e16e1e6214d7c44d078b1f0607b2388f29d729/server/extensions/git/dist/main.js:2:935457)
	at async T.retryRun (/var/www/1st.kinari.ink/.vscode-server/cli/servers/Stable-f1e16e1e6214d7c44d078b1f0607b2388f29d729/server/extensions/git/dist/main.js:2:1028191)
	at async T.run (/var/www/1st.kinari.ink/.vscode-server/cli/servers/Stable-f1e16e1e6214d7c44d078b1f0607b2388f29d729/server/extensions/git/dist/main.js:2:1027795)
	at async T.getBranch (/var/www/1st.kinari.ink/.vscode-server/cli/servers/Stable-f1e16e1e6214d7c44d078b1f0607b2388f29d729/server/extensions/git/dist/main.js:2:1016176)
	at async T.getBranchBase (/var/www/1st.kinari.ink/.vscode-server/cli/servers/Stable-f1e16e1e6214d7c44d078b1f0607b2388f29d729/server/extensions/git/dist/main.js:2:1016462)
	at async t.GitHistoryProvider.resolveHEADMergeBase (/var/www/1st.kinari.ink/.vscode-server/cli/servers/Stable-f1e16e1e6214d7c44d078b1f0607b2388f29d729/server/extensions/git/dist/main.js:2:945925)
	at async t.GitHistoryProvider.onDidRunGitStatus (/var/www/1st.kinari.ink/.vscode-server/cli/servers/Stable-f1e16e1e6214d7c44d078b1f0607b2388f29d729/server/extensions/git/dist/main.js:2:940157)
2024-07-31 12:26:24.781 [warning] [Decorations] CAPPING events from decorations provider vscode.git 2728
2024-07-31 12:26:25.785 [error] Error: No such branch: main.
	at F.getBranch (/var/www/1st.kinari.ink/.vscode-server/cli/servers/Stable-f1e16e1e6214d7c44d078b1f0607b2388f29d729/server/extensions/git/dist/main.js:2:935457)
	at async T.retryRun (/var/www/1st.kinari.ink/.vscode-server/cli/servers/Stable-f1e16e1e6214d7c44d078b1f0607b2388f29d729/server/extensions/git/dist/main.js:2:1028191)
	at async T.run (/var/www/1st.kinari.ink/.vscode-server/cli/servers/Stable-f1e16e1e6214d7c44d078b1f0607b2388f29d729/server/extensions/git/dist/main.js:2:1027795)
	at async T.getBranch (/var/www/1st.kinari.ink/.vscode-server/cli/servers/Stable-f1e16e1e6214d7c44d078b1f0607b2388f29d729/server/extensions/git/dist/main.js:2:1016176)
	at async T.getBranchBase (/var/www/1st.kinari.ink/.vscode-server/cli/servers/Stable-f1e16e1e6214d7c44d078b1f0607b2388f29d729/server/extensions/git/dist/main.js:2:1016462)
	at async t.GitHistoryProvider.resolveHEADMergeBase (/var/www/1st.kinari.ink/.vscode-server/cli/servers/Stable-f1e16e1e6214d7c44d078b1f0607b2388f29d729/server/extensions/git/dist/main.js:2:945925)
	at async t.GitHistoryProvider.onDidRunGitStatus (/var/www/1st.kinari.ink/.vscode-server/cli/servers/Stable-f1e16e1e6214d7c44d078b1f0607b2388f29d729/server/extensions/git/dist/main.js:2:940157)
2024-07-31 12:26:29.829 [warning] [Decorations] CAPPING events from decorations provider vscode.git 2728
2024-07-31 12:26:30.833 [error] Error: No such branch: main.
	at F.getBranch (/var/www/1st.kinari.ink/.vscode-server/cli/servers/Stable-f1e16e1e6214d7c44d078b1f0607b2388f29d729/server/extensions/git/dist/main.js:2:935457)
	at async T.retryRun (/var/www/1st.kinari.ink/.vscode-server/cli/servers/Stable-f1e16e1e6214d7c44d078b1f0607b2388f29d729/server/extensions/git/dist/main.js:2:1028191)
	at async T.run (/var/www/1st.kinari.ink/.vscode-server/cli/servers/Stable-f1e16e1e6214d7c44d078b1f0607b2388f29d729/server/extensions/git/dist/main.js:2:1027795)
	at async T.getBranch (/var/www/1st.kinari.ink/.vscode-server/cli/servers/Stable-f1e16e1e6214d7c44d078b1f0607b2388f29d729/server/extensions/git/dist/main.js:2:1016176)
	at async T.getBranchBase (/var/www/1st.kinari.ink/.vscode-server/cli/servers/Stable-f1e16e1e6214d7c44d078b1f0607b2388f29d729/server/extensions/git/dist/main.js:2:1016462)
	at async t.GitHistoryProvider.resolveHEADMergeBase (/var/www/1st.kinari.ink/.vscode-server/cli/servers/Stable-f1e16e1e6214d7c44d078b1f0607b2388f29d729/server/extensions/git/dist/main.js:2:945925)
	at async t.GitHistoryProvider.onDidRunGitStatus (/var/www/1st.kinari.ink/.vscode-server/cli/servers/Stable-f1e16e1e6214d7c44d078b1f0607b2388f29d729/server/extensions/git/dist/main.js:2:940157)
2024-07-31 12:26:34.878 [warning] [Decorations] CAPPING events from decorations provider vscode.git 2728
2024-07-31 12:26:35.881 [error] Error: No such branch: main.
	at F.getBranch (/var/www/1st.kinari.ink/.vscode-server/cli/servers/Stable-f1e16e1e6214d7c44d078b1f0607b2388f29d729/server/extensions/git/dist/main.js:2:935457)
	at async T.retryRun (/var/www/1st.kinari.ink/.vscode-server/cli/servers/Stable-f1e16e1e6214d7c44d078b1f0607b2388f29d729/server/extensions/git/dist/main.js:2:1028191)
	at async T.run (/var/www/1st.kinari.ink/.vscode-server/cli/servers/Stable-f1e16e1e6214d7c44d078b1f0607b2388f29d729/server/extensions/git/dist/main.js:2:1027795)
	at async T.getBranch (/var/www/1st.kinari.ink/.vscode-server/cli/servers/Stable-f1e16e1e6214d7c44d078b1f0607b2388f29d729/server/extensions/git/dist/main.js:2:1016176)
	at async T.getBranchBase (/var/www/1st.kinari.ink/.vscode-server/cli/servers/Stable-f1e16e1e6214d7c44d078b1f0607b2388f29d729/server/extensions/git/dist/main.js:2:1016462)
	at async t.GitHistoryProvider.resolveHEADMergeBase (/var/www/1st.kinari.ink/.vscode-server/cli/servers/Stable-f1e16e1e6214d7c44d078b1f0607b2388f29d729/server/extensions/git/dist/main.js:2:945925)
	at async t.GitHistoryProvider.onDidRunGitStatus (/var/www/1st.kinari.ink/.vscode-server/cli/servers/Stable-f1e16e1e6214d7c44d078b1f0607b2388f29d729/server/extensions/git/dist/main.js:2:940157)
2024-07-31 12:26:39.925 [warning] [Decorations] CAPPING events from decorations provider vscode.git 2728
2024-07-31 12:26:40.930 [error] Error: No such branch: main.
	at F.getBranch (/var/www/1st.kinari.ink/.vscode-server/cli/servers/Stable-f1e16e1e6214d7c44d078b1f0607b2388f29d729/server/extensions/git/dist/main.js:2:935457)
	at async T.retryRun (/var/www/1st.kinari.ink/.vscode-server/cli/servers/Stable-f1e16e1e6214d7c44d078b1f0607b2388f29d729/server/extensions/git/dist/main.js:2:1028191)
	at async T.run (/var/www/1st.kinari.ink/.vscode-server/cli/servers/Stable-f1e16e1e6214d7c44d078b1f0607b2388f29d729/server/extensions/git/dist/main.js:2:1027795)
	at async T.getBranch (/var/www/1st.kinari.ink/.vscode-server/cli/servers/Stable-f1e16e1e6214d7c44d078b1f0607b2388f29d729/server/extensions/git/dist/main.js:2:1016176)
	at async T.getBranchBase (/var/www/1st.kinari.ink/.vscode-server/cli/servers/Stable-f1e16e1e6214d7c44d078b1f0607b2388f29d729/server/extensions/git/dist/main.js:2:1016462)
	at async t.GitHistoryProvider.resolveHEADMergeBase (/var/www/1st.kinari.ink/.vscode-server/cli/servers/Stable-f1e16e1e6214d7c44d078b1f0607b2388f29d729/server/extensions/git/dist/main.js:2:945925)
	at async t.GitHistoryProvider.onDidRunGitStatus (/var/www/1st.kinari.ink/.vscode-server/cli/servers/Stable-f1e16e1e6214d7c44d078b1f0607b2388f29d729/server/extensions/git/dist/main.js:2:940157)
2024-07-31 12:26:44.973 [warning] [Decorations] CAPPING events from decorations provider vscode.git 2728
2024-07-31 12:26:45.979 [error] Error: No such branch: main.
	at F.getBranch (/var/www/1st.kinari.ink/.vscode-server/cli/servers/Stable-f1e16e1e6214d7c44d078b1f0607b2388f29d729/server/extensions/git/dist/main.js:2:935457)
	at async T.retryRun (/var/www/1st.kinari.ink/.vscode-server/cli/servers/Stable-f1e16e1e6214d7c44d078b1f0607b2388f29d729/server/extensions/git/dist/main.js:2:1028191)
	at async T.run (/var/www/1st.kinari.ink/.vscode-server/cli/servers/Stable-f1e16e1e6214d7c44d078b1f0607b2388f29d729/server/extensions/git/dist/main.js:2:1027795)
	at async T.getBranch (/var/www/1st.kinari.ink/.vscode-server/cli/servers/Stable-f1e16e1e6214d7c44d078b1f0607b2388f29d729/server/extensions/git/dist/main.js:2:1016176)
	at async T.getBranchBase (/var/www/1st.kinari.ink/.vscode-server/cli/servers/Stable-f1e16e1e6214d7c44d078b1f0607b2388f29d729/server/extensions/git/dist/main.js:2:1016462)
	at async t.GitHistoryProvider.resolveHEADMergeBase (/var/www/1st.kinari.ink/.vscode-server/cli/servers/Stable-f1e16e1e6214d7c44d078b1f0607b2388f29d729/server/extensions/git/dist/main.js:2:945925)
	at async t.GitHistoryProvider.onDidRunGitStatus (/var/www/1st.kinari.ink/.vscode-server/cli/servers/Stable-f1e16e1e6214d7c44d078b1f0607b2388f29d729/server/extensions/git/dist/main.js:2:940157)
2024-07-31 12:26:50.021 [warning] [Decorations] CAPPING events from decorations provider vscode.git 2728
2024-07-31 12:26:51.025 [error] Error: No such branch: main.
	at F.getBranch (/var/www/1st.kinari.ink/.vscode-server/cli/servers/Stable-f1e16e1e6214d7c44d078b1f0607b2388f29d729/server/extensions/git/dist/main.js:2:935457)
	at async T.retryRun (/var/www/1st.kinari.ink/.vscode-server/cli/servers/Stable-f1e16e1e6214d7c44d078b1f0607b2388f29d729/server/extensions/git/dist/main.js:2:1028191)
	at async T.run (/var/www/1st.kinari.ink/.vscode-server/cli/servers/Stable-f1e16e1e6214d7c44d078b1f0607b2388f29d729/server/extensions/git/dist/main.js:2:1027795)
	at async T.getBranch (/var/www/1st.kinari.ink/.vscode-server/cli/servers/Stable-f1e16e1e6214d7c44d078b1f0607b2388f29d729/server/extensions/git/dist/main.js:2:1016176)
	at async T.getBranchBase (/var/www/1st.kinari.ink/.vscode-server/cli/servers/Stable-f1e16e1e6214d7c44d078b1f0607b2388f29d729/server/extensions/git/dist/main.js:2:1016462)
	at async t.GitHistoryProvider.resolveHEADMergeBase (/var/www/1st.kinari.ink/.vscode-server/cli/servers/Stable-f1e16e1e6214d7c44d078b1f0607b2388f29d729/server/extensions/git/dist/main.js:2:945925)
	at async t.GitHistoryProvider.onDidRunGitStatus (/var/www/1st.kinari.ink/.vscode-server/cli/servers/Stable-f1e16e1e6214d7c44d078b1f0607b2388f29d729/server/extensions/git/dist/main.js:2:940157)
2024-07-31 12:26:55.069 [warning] [Decorations] CAPPING events from decorations provider vscode.git 2728
2024-07-31 12:26:56.073 [error] Error: No such branch: main.
	at F.getBranch (/var/www/1st.kinari.ink/.vscode-server/cli/servers/Stable-f1e16e1e6214d7c44d078b1f0607b2388f29d729/server/extensions/git/dist/main.js:2:935457)
	at async T.retryRun (/var/www/1st.kinari.ink/.vscode-server/cli/servers/Stable-f1e16e1e6214d7c44d078b1f0607b2388f29d729/server/extensions/git/dist/main.js:2:1028191)
	at async T.run (/var/www/1st.kinari.ink/.vscode-server/cli/servers/Stable-f1e16e1e6214d7c44d078b1f0607b2388f29d729/server/extensions/git/dist/main.js:2:1027795)
	at async T.getBranch (/var/www/1st.kinari.ink/.vscode-server/cli/servers/Stable-f1e16e1e6214d7c44d078b1f0607b2388f29d729/server/extensions/git/dist/main.js:2:1016176)
	at async T.getBranchBase (/var/www/1st.kinari.ink/.vscode-server/cli/servers/Stable-f1e16e1e6214d7c44d078b1f0607b2388f29d729/server/extensions/git/dist/main.js:2:1016462)
	at async t.GitHistoryProvider.resolveHEADMergeBase (/var/www/1st.kinari.ink/.vscode-server/cli/servers/Stable-f1e16e1e6214d7c44d078b1f0607b2388f29d729/server/extensions/git/dist/main.js:2:945925)
	at async t.GitHistoryProvider.onDidRunGitStatus (/var/www/1st.kinari.ink/.vscode-server/cli/servers/Stable-f1e16e1e6214d7c44d078b1f0607b2388f29d729/server/extensions/git/dist/main.js:2:940157)
2024-07-31 12:27:00.117 [warning] [Decorations] CAPPING events from decorations provider vscode.git 2728
2024-07-31 12:27:01.121 [error] Error: No such branch: main.
	at F.getBranch (/var/www/1st.kinari.ink/.vscode-server/cli/servers/Stable-f1e16e1e6214d7c44d078b1f0607b2388f29d729/server/extensions/git/dist/main.js:2:935457)
	at async T.retryRun (/var/www/1st.kinari.ink/.vscode-server/cli/servers/Stable-f1e16e1e6214d7c44d078b1f0607b2388f29d729/server/extensions/git/dist/main.js:2:1028191)
	at async T.run (/var/www/1st.kinari.ink/.vscode-server/cli/servers/Stable-f1e16e1e6214d7c44d078b1f0607b2388f29d729/server/extensions/git/dist/main.js:2:1027795)
	at async T.getBranch (/var/www/1st.kinari.ink/.vscode-server/cli/servers/Stable-f1e16e1e6214d7c44d078b1f0607b2388f29d729/server/extensions/git/dist/main.js:2:1016176)
	at async T.getBranchBase (/var/www/1st.kinari.ink/.vscode-server/cli/servers/Stable-f1e16e1e6214d7c44d078b1f0607b2388f29d729/server/extensions/git/dist/main.js:2:1016462)
	at async t.GitHistoryProvider.resolveHEADMergeBase (/var/www/1st.kinari.ink/.vscode-server/cli/servers/Stable-f1e16e1e6214d7c44d078b1f0607b2388f29d729/server/extensions/git/dist/main.js:2:945925)
	at async t.GitHistoryProvider.onDidRunGitStatus (/var/www/1st.kinari.ink/.vscode-server/cli/servers/Stable-f1e16e1e6214d7c44d078b1f0607b2388f29d729/server/extensions/git/dist/main.js:2:940157)
2024-07-31 12:27:05.166 [warning] [Decorations] CAPPING events from decorations provider vscode.git 2728
2024-07-31 12:27:06.170 [error] Error: No such branch: main.
	at F.getBranch (/var/www/1st.kinari.ink/.vscode-server/cli/servers/Stable-f1e16e1e6214d7c44d078b1f0607b2388f29d729/server/extensions/git/dist/main.js:2:935457)
	at async T.retryRun (/var/www/1st.kinari.ink/.vscode-server/cli/servers/Stable-f1e16e1e6214d7c44d078b1f0607b2388f29d729/server/extensions/git/dist/main.js:2:1028191)
	at async T.run (/var/www/1st.kinari.ink/.vscode-server/cli/servers/Stable-f1e16e1e6214d7c44d078b1f0607b2388f29d729/server/extensions/git/dist/main.js:2:1027795)
	at async T.getBranch (/var/www/1st.kinari.ink/.vscode-server/cli/servers/Stable-f1e16e1e6214d7c44d078b1f0607b2388f29d729/server/extensions/git/dist/main.js:2:1016176)
	at async T.getBranchBase (/var/www/1st.kinari.ink/.vscode-server/cli/servers/Stable-f1e16e1e6214d7c44d078b1f0607b2388f29d729/server/extensions/git/dist/main.js:2:1016462)
	at async t.GitHistoryProvider.resolveHEADMergeBase (/var/www/1st.kinari.ink/.vscode-server/cli/servers/Stable-f1e16e1e6214d7c44d078b1f0607b2388f29d729/server/extensions/git/dist/main.js:2:945925)
	at async t.GitHistoryProvider.onDidRunGitStatus (/var/www/1st.kinari.ink/.vscode-server/cli/servers/Stable-f1e16e1e6214d7c44d078b1f0607b2388f29d729/server/extensions/git/dist/main.js:2:940157)
2024-07-31 12:27:10.214 [warning] [Decorations] CAPPING events from decorations provider vscode.git 2728
2024-07-31 12:27:11.219 [error] Error: No such branch: main.
	at F.getBranch (/var/www/1st.kinari.ink/.vscode-server/cli/servers/Stable-f1e16e1e6214d7c44d078b1f0607b2388f29d729/server/extensions/git/dist/main.js:2:935457)
	at async T.retryRun (/var/www/1st.kinari.ink/.vscode-server/cli/servers/Stable-f1e16e1e6214d7c44d078b1f0607b2388f29d729/server/extensions/git/dist/main.js:2:1028191)
	at async T.run (/var/www/1st.kinari.ink/.vscode-server/cli/servers/Stable-f1e16e1e6214d7c44d078b1f0607b2388f29d729/server/extensions/git/dist/main.js:2:1027795)
	at async T.getBranch (/var/www/1st.kinari.ink/.vscode-server/cli/servers/Stable-f1e16e1e6214d7c44d078b1f0607b2388f29d729/server/extensions/git/dist/main.js:2:1016176)
	at async T.getBranchBase (/var/www/1st.kinari.ink/.vscode-server/cli/servers/Stable-f1e16e1e6214d7c44d078b1f0607b2388f29d729/server/extensions/git/dist/main.js:2:1016462)
	at async t.GitHistoryProvider.resolveHEADMergeBase (/var/www/1st.kinari.ink/.vscode-server/cli/servers/Stable-f1e16e1e6214d7c44d078b1f0607b2388f29d729/server/extensions/git/dist/main.js:2:945925)
	at async t.GitHistoryProvider.onDidRunGitStatus (/var/www/1st.kinari.ink/.vscode-server/cli/servers/Stable-f1e16e1e6214d7c44d078b1f0607b2388f29d729/server/extensions/git/dist/main.js:2:940157)
2024-07-31 12:27:15.264 [warning] [Decorations] CAPPING events from decorations provider vscode.git 2728
2024-07-31 12:27:16.268 [error] Error: No such branch: main.
	at F.getBranch (/var/www/1st.kinari.ink/.vscode-server/cli/servers/Stable-f1e16e1e6214d7c44d078b1f0607b2388f29d729/server/extensions/git/dist/main.js:2:935457)
	at async T.retryRun (/var/www/1st.kinari.ink/.vscode-server/cli/servers/Stable-f1e16e1e6214d7c44d078b1f0607b2388f29d729/server/extensions/git/dist/main.js:2:1028191)
	at async T.run (/var/www/1st.kinari.ink/.vscode-server/cli/servers/Stable-f1e16e1e6214d7c44d078b1f0607b2388f29d729/server/extensions/git/dist/main.js:2:1027795)
	at async T.getBranch (/var/www/1st.kinari.ink/.vscode-server/cli/servers/Stable-f1e16e1e6214d7c44d078b1f0607b2388f29d729/server/extensions/git/dist/main.js:2:1016176)
	at async T.getBranchBase (/var/www/1st.kinari.ink/.vscode-server/cli/servers/Stable-f1e16e1e6214d7c44d078b1f0607b2388f29d729/server/extensions/git/dist/main.js:2:1016462)
	at async t.GitHistoryProvider.resolveHEADMergeBase (/var/www/1st.kinari.ink/.vscode-server/cli/servers/Stable-f1e16e1e6214d7c44d078b1f0607b2388f29d729/server/extensions/git/dist/main.js:2:945925)
	at async t.GitHistoryProvider.onDidRunGitStatus (/var/www/1st.kinari.ink/.vscode-server/cli/servers/Stable-f1e16e1e6214d7c44d078b1f0607b2388f29d729/server/extensions/git/dist/main.js:2:940157)
2024-07-31 12:27:20.322 [warning] [Decorations] CAPPING events from decorations provider vscode.git 2728
2024-07-31 12:27:21.327 [error] Error: No such branch: main.
	at F.getBranch (/var/www/1st.kinari.ink/.vscode-server/cli/servers/Stable-f1e16e1e6214d7c44d078b1f0607b2388f29d729/server/extensions/git/dist/main.js:2:935457)
	at async T.retryRun (/var/www/1st.kinari.ink/.vscode-server/cli/servers/Stable-f1e16e1e6214d7c44d078b1f0607b2388f29d729/server/extensions/git/dist/main.js:2:1028191)
	at async T.run (/var/www/1st.kinari.ink/.vscode-server/cli/servers/Stable-f1e16e1e6214d7c44d078b1f0607b2388f29d729/server/extensions/git/dist/main.js:2:1027795)
	at async T.getBranch (/var/www/1st.kinari.ink/.vscode-server/cli/servers/Stable-f1e16e1e6214d7c44d078b1f0607b2388f29d729/server/extensions/git/dist/main.js:2:1016176)
	at async T.getBranchBase (/var/www/1st.kinari.ink/.vscode-server/cli/servers/Stable-f1e16e1e6214d7c44d078b1f0607b2388f29d729/server/extensions/git/dist/main.js:2:1016462)
	at async t.GitHistoryProvider.resolveHEADMergeBase (/var/www/1st.kinari.ink/.vscode-server/cli/servers/Stable-f1e16e1e6214d7c44d078b1f0607b2388f29d729/server/extensions/git/dist/main.js:2:945925)
	at async t.GitHistoryProvider.onDidRunGitStatus (/var/www/1st.kinari.ink/.vscode-server/cli/servers/Stable-f1e16e1e6214d7c44d078b1f0607b2388f29d729/server/extensions/git/dist/main.js:2:940157)
2024-07-31 12:27:25.370 [warning] [Decorations] CAPPING events from decorations provider vscode.git 2728
2024-07-31 12:27:26.376 [error] Error: No such branch: main.
	at F.getBranch (/var/www/1st.kinari.ink/.vscode-server/cli/servers/Stable-f1e16e1e6214d7c44d078b1f0607b2388f29d729/server/extensions/git/dist/main.js:2:935457)
	at async T.retryRun (/var/www/1st.kinari.ink/.vscode-server/cli/servers/Stable-f1e16e1e6214d7c44d078b1f0607b2388f29d729/server/extensions/git/dist/main.js:2:1028191)
	at async T.run (/var/www/1st.kinari.ink/.vscode-server/cli/servers/Stable-f1e16e1e6214d7c44d078b1f0607b2388f29d729/server/extensions/git/dist/main.js:2:1027795)
	at async T.getBranch (/var/www/1st.kinari.ink/.vscode-server/cli/servers/Stable-f1e16e1e6214d7c44d078b1f0607b2388f29d729/server/extensions/git/dist/main.js:2:1016176)
	at async T.getBranchBase (/var/www/1st.kinari.ink/.vscode-server/cli/servers/Stable-f1e16e1e6214d7c44d078b1f0607b2388f29d729/server/extensions/git/dist/main.js:2:1016462)
	at async t.GitHistoryProvider.resolveHEADMergeBase (/var/www/1st.kinari.ink/.vscode-server/cli/servers/Stable-f1e16e1e6214d7c44d078b1f0607b2388f29d729/server/extensions/git/dist/main.js:2:945925)
	at async t.GitHistoryProvider.onDidRunGitStatus (/var/www/1st.kinari.ink/.vscode-server/cli/servers/Stable-f1e16e1e6214d7c44d078b1f0607b2388f29d729/server/extensions/git/dist/main.js:2:940157)
2024-07-31 12:27:30.419 [warning] [Decorations] CAPPING events from decorations provider vscode.git 2728
2024-07-31 12:27:31.424 [error] Error: No such branch: main.
	at F.getBranch (/var/www/1st.kinari.ink/.vscode-server/cli/servers/Stable-f1e16e1e6214d7c44d078b1f0607b2388f29d729/server/extensions/git/dist/main.js:2:935457)
	at async T.retryRun (/var/www/1st.kinari.ink/.vscode-server/cli/servers/Stable-f1e16e1e6214d7c44d078b1f0607b2388f29d729/server/extensions/git/dist/main.js:2:1028191)
	at async T.run (/var/www/1st.kinari.ink/.vscode-server/cli/servers/Stable-f1e16e1e6214d7c44d078b1f0607b2388f29d729/server/extensions/git/dist/main.js:2:1027795)
	at async T.getBranch (/var/www/1st.kinari.ink/.vscode-server/cli/servers/Stable-f1e16e1e6214d7c44d078b1f0607b2388f29d729/server/extensions/git/dist/main.js:2:1016176)
	at async T.getBranchBase (/var/www/1st.kinari.ink/.vscode-server/cli/servers/Stable-f1e16e1e6214d7c44d078b1f0607b2388f29d729/server/extensions/git/dist/main.js:2:1016462)
	at async t.GitHistoryProvider.resolveHEADMergeBase (/var/www/1st.kinari.ink/.vscode-server/cli/servers/Stable-f1e16e1e6214d7c44d078b1f0607b2388f29d729/server/extensions/git/dist/main.js:2:945925)
	at async t.GitHistoryProvider.onDidRunGitStatus (/var/www/1st.kinari.ink/.vscode-server/cli/servers/Stable-f1e16e1e6214d7c44d078b1f0607b2388f29d729/server/extensions/git/dist/main.js:2:940157)
2024-07-31 12:27:35.468 [warning] [Decorations] CAPPING events from decorations provider vscode.git 2728
2024-07-31 12:27:36.472 [error] Error: No such branch: main.
	at F.getBranch (/var/www/1st.kinari.ink/.vscode-server/cli/servers/Stable-f1e16e1e6214d7c44d078b1f0607b2388f29d729/server/extensions/git/dist/main.js:2:935457)
	at async T.retryRun (/var/www/1st.kinari.ink/.vscode-server/cli/servers/Stable-f1e16e1e6214d7c44d078b1f0607b2388f29d729/server/extensions/git/dist/main.js:2:1028191)
	at async T.run (/var/www/1st.kinari.ink/.vscode-server/cli/servers/Stable-f1e16e1e6214d7c44d078b1f0607b2388f29d729/server/extensions/git/dist/main.js:2:1027795)
	at async T.getBranch (/var/www/1st.kinari.ink/.vscode-server/cli/servers/Stable-f1e16e1e6214d7c44d078b1f0607b2388f29d729/server/extensions/git/dist/main.js:2:1016176)
	at async T.getBranchBase (/var/www/1st.kinari.ink/.vscode-server/cli/servers/Stable-f1e16e1e6214d7c44d078b1f0607b2388f29d729/server/extensions/git/dist/main.js:2:1016462)
	at async t.GitHistoryProvider.resolveHEADMergeBase (/var/www/1st.kinari.ink/.vscode-server/cli/servers/Stable-f1e16e1e6214d7c44d078b1f0607b2388f29d729/server/extensions/git/dist/main.js:2:945925)
	at async t.GitHistoryProvider.onDidRunGitStatus (/var/www/1st.kinari.ink/.vscode-server/cli/servers/Stable-f1e16e1e6214d7c44d078b1f0607b2388f29d729/server/extensions/git/dist/main.js:2:940157)
2024-07-31 12:27:40.517 [warning] [Decorations] CAPPING events from decorations provider vscode.git 2728
2024-07-31 12:27:41.521 [error] Error: No such branch: main.
	at F.getBranch (/var/www/1st.kinari.ink/.vscode-server/cli/servers/Stable-f1e16e1e6214d7c44d078b1f0607b2388f29d729/server/extensions/git/dist/main.js:2:935457)
	at async T.retryRun (/var/www/1st.kinari.ink/.vscode-server/cli/servers/Stable-f1e16e1e6214d7c44d078b1f0607b2388f29d729/server/extensions/git/dist/main.js:2:1028191)
	at async T.run (/var/www/1st.kinari.ink/.vscode-server/cli/servers/Stable-f1e16e1e6214d7c44d078b1f0607b2388f29d729/server/extensions/git/dist/main.js:2:1027795)
	at async T.getBranch (/var/www/1st.kinari.ink/.vscode-server/cli/servers/Stable-f1e16e1e6214d7c44d078b1f0607b2388f29d729/server/extensions/git/dist/main.js:2:1016176)
	at async T.getBranchBase (/var/www/1st.kinari.ink/.vscode-server/cli/servers/Stable-f1e16e1e6214d7c44d078b1f0607b2388f29d729/server/extensions/git/dist/main.js:2:1016462)
	at async t.GitHistoryProvider.resolveHEADMergeBase (/var/www/1st.kinari.ink/.vscode-server/cli/servers/Stable-f1e16e1e6214d7c44d078b1f0607b2388f29d729/server/extensions/git/dist/main.js:2:945925)
	at async t.GitHistoryProvider.onDidRunGitStatus (/var/www/1st.kinari.ink/.vscode-server/cli/servers/Stable-f1e16e1e6214d7c44d078b1f0607b2388f29d729/server/extensions/git/dist/main.js:2:940157)
2024-07-31 12:27:45.566 [warning] [Decorations] CAPPING events from decorations provider vscode.git 2728
2024-07-31 12:27:46.570 [error] Error: No such branch: main.
	at F.getBranch (/var/www/1st.kinari.ink/.vscode-server/cli/servers/Stable-f1e16e1e6214d7c44d078b1f0607b2388f29d729/server/extensions/git/dist/main.js:2:935457)
	at async T.retryRun (/var/www/1st.kinari.ink/.vscode-server/cli/servers/Stable-f1e16e1e6214d7c44d078b1f0607b2388f29d729/server/extensions/git/dist/main.js:2:1028191)
	at async T.run (/var/www/1st.kinari.ink/.vscode-server/cli/servers/Stable-f1e16e1e6214d7c44d078b1f0607b2388f29d729/server/extensions/git/dist/main.js:2:1027795)
	at async T.getBranch (/var/www/1st.kinari.ink/.vscode-server/cli/servers/Stable-f1e16e1e6214d7c44d078b1f0607b2388f29d729/server/extensions/git/dist/main.js:2:1016176)
	at async T.getBranchBase (/var/www/1st.kinari.ink/.vscode-server/cli/servers/Stable-f1e16e1e6214d7c44d078b1f0607b2388f29d729/server/extensions/git/dist/main.js:2:1016462)
	at async t.GitHistoryProvider.resolveHEADMergeBase (/var/www/1st.kinari.ink/.vscode-server/cli/servers/Stable-f1e16e1e6214d7c44d078b1f0607b2388f29d729/server/extensions/git/dist/main.js:2:945925)
	at async t.GitHistoryProvider.onDidRunGitStatus (/var/www/1st.kinari.ink/.vscode-server/cli/servers/Stable-f1e16e1e6214d7c44d078b1f0607b2388f29d729/server/extensions/git/dist/main.js:2:940157)
2024-07-31 12:27:50.614 [warning] [Decorations] CAPPING events from decorations provider vscode.git 2728
2024-07-31 12:27:51.620 [error] Error: No such branch: main.
	at F.getBranch (/var/www/1st.kinari.ink/.vscode-server/cli/servers/Stable-f1e16e1e6214d7c44d078b1f0607b2388f29d729/server/extensions/git/dist/main.js:2:935457)
	at async T.retryRun (/var/www/1st.kinari.ink/.vscode-server/cli/servers/Stable-f1e16e1e6214d7c44d078b1f0607b2388f29d729/server/extensions/git/dist/main.js:2:1028191)
	at async T.run (/var/www/1st.kinari.ink/.vscode-server/cli/servers/Stable-f1e16e1e6214d7c44d078b1f0607b2388f29d729/server/extensions/git/dist/main.js:2:1027795)
	at async T.getBranch (/var/www/1st.kinari.ink/.vscode-server/cli/servers/Stable-f1e16e1e6214d7c44d078b1f0607b2388f29d729/server/extensions/git/dist/main.js:2:1016176)
	at async T.getBranchBase (/var/www/1st.kinari.ink/.vscode-server/cli/servers/Stable-f1e16e1e6214d7c44d078b1f0607b2388f29d729/server/extensions/git/dist/main.js:2:1016462)
	at async t.GitHistoryProvider.resolveHEADMergeBase (/var/www/1st.kinari.ink/.vscode-server/cli/servers/Stable-f1e16e1e6214d7c44d078b1f0607b2388f29d729/server/extensions/git/dist/main.js:2:945925)
	at async t.GitHistoryProvider.onDidRunGitStatus (/var/www/1st.kinari.ink/.vscode-server/cli/servers/Stable-f1e16e1e6214d7c44d078b1f0607b2388f29d729/server/extensions/git/dist/main.js:2:940157)
2024-07-31 12:27:55.665 [warning] [Decorations] CAPPING events from decorations provider vscode.git 2728
2024-07-31 12:27:56.668 [error] Error: No such branch: main.
	at F.getBranch (/var/www/1st.kinari.ink/.vscode-server/cli/servers/Stable-f1e16e1e6214d7c44d078b1f0607b2388f29d729/server/extensions/git/dist/main.js:2:935457)
	at async T.retryRun (/var/www/1st.kinari.ink/.vscode-server/cli/servers/Stable-f1e16e1e6214d7c44d078b1f0607b2388f29d729/server/extensions/git/dist/main.js:2:1028191)
	at async T.run (/var/www/1st.kinari.ink/.vscode-server/cli/servers/Stable-f1e16e1e6214d7c44d078b1f0607b2388f29d729/server/extensions/git/dist/main.js:2:1027795)
	at async T.getBranch (/var/www/1st.kinari.ink/.vscode-server/cli/servers/Stable-f1e16e1e6214d7c44d078b1f0607b2388f29d729/server/extensions/git/dist/main.js:2:1016176)
	at async T.getBranchBase (/var/www/1st.kinari.ink/.vscode-server/cli/servers/Stable-f1e16e1e6214d7c44d078b1f0607b2388f29d729/server/extensions/git/dist/main.js:2:1016462)
	at async t.GitHistoryProvider.resolveHEADMergeBase (/var/www/1st.kinari.ink/.vscode-server/cli/servers/Stable-f1e16e1e6214d7c44d078b1f0607b2388f29d729/server/extensions/git/dist/main.js:2:945925)
	at async t.GitHistoryProvider.onDidRunGitStatus (/var/www/1st.kinari.ink/.vscode-server/cli/servers/Stable-f1e16e1e6214d7c44d078b1f0607b2388f29d729/server/extensions/git/dist/main.js:2:940157)
2024-07-31 12:28:00.714 [warning] [Decorations] CAPPING events from decorations provider vscode.git 2728
2024-07-31 12:28:01.718 [error] Error: No such branch: main.
	at F.getBranch (/var/www/1st.kinari.ink/.vscode-server/cli/servers/Stable-f1e16e1e6214d7c44d078b1f0607b2388f29d729/server/extensions/git/dist/main.js:2:935457)
	at async T.retryRun (/var/www/1st.kinari.ink/.vscode-server/cli/servers/Stable-f1e16e1e6214d7c44d078b1f0607b2388f29d729/server/extensions/git/dist/main.js:2:1028191)
	at async T.run (/var/www/1st.kinari.ink/.vscode-server/cli/servers/Stable-f1e16e1e6214d7c44d078b1f0607b2388f29d729/server/extensions/git/dist/main.js:2:1027795)
	at async T.getBranch (/var/www/1st.kinari.ink/.vscode-server/cli/servers/Stable-f1e16e1e6214d7c44d078b1f0607b2388f29d729/server/extensions/git/dist/main.js:2:1016176)
	at async T.getBranchBase (/var/www/1st.kinari.ink/.vscode-server/cli/servers/Stable-f1e16e1e6214d7c44d078b1f0607b2388f29d729/server/extensions/git/dist/main.js:2:1016462)
	at async t.GitHistoryProvider.resolveHEADMergeBase (/var/www/1st.kinari.ink/.vscode-server/cli/servers/Stable-f1e16e1e6214d7c44d078b1f0607b2388f29d729/server/extensions/git/dist/main.js:2:945925)
	at async t.GitHistoryProvider.onDidRunGitStatus (/var/www/1st.kinari.ink/.vscode-server/cli/servers/Stable-f1e16e1e6214d7c44d078b1f0607b2388f29d729/server/extensions/git/dist/main.js:2:940157)
2024-07-31 12:28:05.763 [warning] [Decorations] CAPPING events from decorations provider vscode.git 2728
2024-07-31 12:28:06.766 [error] Error: No such branch: main.
	at F.getBranch (/var/www/1st.kinari.ink/.vscode-server/cli/servers/Stable-f1e16e1e6214d7c44d078b1f0607b2388f29d729/server/extensions/git/dist/main.js:2:935457)
	at async T.retryRun (/var/www/1st.kinari.ink/.vscode-server/cli/servers/Stable-f1e16e1e6214d7c44d078b1f0607b2388f29d729/server/extensions/git/dist/main.js:2:1028191)
	at async T.run (/var/www/1st.kinari.ink/.vscode-server/cli/servers/Stable-f1e16e1e6214d7c44d078b1f0607b2388f29d729/server/extensions/git/dist/main.js:2:1027795)
	at async T.getBranch (/var/www/1st.kinari.ink/.vscode-server/cli/servers/Stable-f1e16e1e6214d7c44d078b1f0607b2388f29d729/server/extensions/git/dist/main.js:2:1016176)
	at async T.getBranchBase (/var/www/1st.kinari.ink/.vscode-server/cli/servers/Stable-f1e16e1e6214d7c44d078b1f0607b2388f29d729/server/extensions/git/dist/main.js:2:1016462)
	at async t.GitHistoryProvider.resolveHEADMergeBase (/var/www/1st.kinari.ink/.vscode-server/cli/servers/Stable-f1e16e1e6214d7c44d078b1f0607b2388f29d729/server/extensions/git/dist/main.js:2:945925)
	at async t.GitHistoryProvider.onDidRunGitStatus (/var/www/1st.kinari.ink/.vscode-server/cli/servers/Stable-f1e16e1e6214d7c44d078b1f0607b2388f29d729/server/extensions/git/dist/main.js:2:940157)
2024-07-31 12:28:10.811 [warning] [Decorations] CAPPING events from decorations provider vscode.git 2728
2024-07-31 12:28:11.815 [error] Error: No such branch: main.
	at F.getBranch (/var/www/1st.kinari.ink/.vscode-server/cli/servers/Stable-f1e16e1e6214d7c44d078b1f0607b2388f29d729/server/extensions/git/dist/main.js:2:935457)
	at async T.retryRun (/var/www/1st.kinari.ink/.vscode-server/cli/servers/Stable-f1e16e1e6214d7c44d078b1f0607b2388f29d729/server/extensions/git/dist/main.js:2:1028191)
	at async T.run (/var/www/1st.kinari.ink/.vscode-server/cli/servers/Stable-f1e16e1e6214d7c44d078b1f0607b2388f29d729/server/extensions/git/dist/main.js:2:1027795)
	at async T.getBranch (/var/www/1st.kinari.ink/.vscode-server/cli/servers/Stable-f1e16e1e6214d7c44d078b1f0607b2388f29d729/server/extensions/git/dist/main.js:2:1016176)
	at async T.getBranchBase (/var/www/1st.kinari.ink/.vscode-server/cli/servers/Stable-f1e16e1e6214d7c44d078b1f0607b2388f29d729/server/extensions/git/dist/main.js:2:1016462)
	at async t.GitHistoryProvider.resolveHEADMergeBase (/var/www/1st.kinari.ink/.vscode-server/cli/servers/Stable-f1e16e1e6214d7c44d078b1f0607b2388f29d729/server/extensions/git/dist/main.js:2:945925)
	at async t.GitHistoryProvider.onDidRunGitStatus (/var/www/1st.kinari.ink/.vscode-server/cli/servers/Stable-f1e16e1e6214d7c44d078b1f0607b2388f29d729/server/extensions/git/dist/main.js:2:940157)
2024-07-31 12:28:15.859 [warning] [Decorations] CAPPING events from decorations provider vscode.git 2728
2024-07-31 12:28:16.862 [error] Error: No such branch: main.
	at F.getBranch (/var/www/1st.kinari.ink/.vscode-server/cli/servers/Stable-f1e16e1e6214d7c44d078b1f0607b2388f29d729/server/extensions/git/dist/main.js:2:935457)
	at async T.retryRun (/var/www/1st.kinari.ink/.vscode-server/cli/servers/Stable-f1e16e1e6214d7c44d078b1f0607b2388f29d729/server/extensions/git/dist/main.js:2:1028191)
	at async T.run (/var/www/1st.kinari.ink/.vscode-server/cli/servers/Stable-f1e16e1e6214d7c44d078b1f0607b2388f29d729/server/extensions/git/dist/main.js:2:1027795)
	at async T.getBranch (/var/www/1st.kinari.ink/.vscode-server/cli/servers/Stable-f1e16e1e6214d7c44d078b1f0607b2388f29d729/server/extensions/git/dist/main.js:2:1016176)
	at async T.getBranchBase (/var/www/1st.kinari.ink/.vscode-server/cli/servers/Stable-f1e16e1e6214d7c44d078b1f0607b2388f29d729/server/extensions/git/dist/main.js:2:1016462)
	at async t.GitHistoryProvider.resolveHEADMergeBase (/var/www/1st.kinari.ink/.vscode-server/cli/servers/Stable-f1e16e1e6214d7c44d078b1f0607b2388f29d729/server/extensions/git/dist/main.js:2:945925)
	at async t.GitHistoryProvider.onDidRunGitStatus (/var/www/1st.kinari.ink/.vscode-server/cli/servers/Stable-f1e16e1e6214d7c44d078b1f0607b2388f29d729/server/extensions/git/dist/main.js:2:940157)
2024-07-31 12:28:20.908 [warning] [Decorations] CAPPING events from decorations provider vscode.git 2728
2024-07-31 12:28:21.912 [error] Error: No such branch: main.
	at F.getBranch (/var/www/1st.kinari.ink/.vscode-server/cli/servers/Stable-f1e16e1e6214d7c44d078b1f0607b2388f29d729/server/extensions/git/dist/main.js:2:935457)
	at async T.retryRun (/var/www/1st.kinari.ink/.vscode-server/cli/servers/Stable-f1e16e1e6214d7c44d078b1f0607b2388f29d729/server/extensions/git/dist/main.js:2:1028191)
	at async T.run (/var/www/1st.kinari.ink/.vscode-server/cli/servers/Stable-f1e16e1e6214d7c44d078b1f0607b2388f29d729/server/extensions/git/dist/main.js:2:1027795)
	at async T.getBranch (/var/www/1st.kinari.ink/.vscode-server/cli/servers/Stable-f1e16e1e6214d7c44d078b1f0607b2388f29d729/server/extensions/git/dist/main.js:2:1016176)
	at async T.getBranchBase (/var/www/1st.kinari.ink/.vscode-server/cli/servers/Stable-f1e16e1e6214d7c44d078b1f0607b2388f29d729/server/extensions/git/dist/main.js:2:1016462)
	at async t.GitHistoryProvider.resolveHEADMergeBase (/var/www/1st.kinari.ink/.vscode-server/cli/servers/Stable-f1e16e1e6214d7c44d078b1f0607b2388f29d729/server/extensions/git/dist/main.js:2:945925)
	at async t.GitHistoryProvider.onDidRunGitStatus (/var/www/1st.kinari.ink/.vscode-server/cli/servers/Stable-f1e16e1e6214d7c44d078b1f0607b2388f29d729/server/extensions/git/dist/main.js:2:940157)
2024-07-31 12:28:25.955 [warning] [Decorations] CAPPING events from decorations provider vscode.git 2728
2024-07-31 12:28:26.959 [error] Error: No such branch: main.
	at F.getBranch (/var/www/1st.kinari.ink/.vscode-server/cli/servers/Stable-f1e16e1e6214d7c44d078b1f0607b2388f29d729/server/extensions/git/dist/main.js:2:935457)
	at async T.retryRun (/var/www/1st.kinari.ink/.vscode-server/cli/servers/Stable-f1e16e1e6214d7c44d078b1f0607b2388f29d729/server/extensions/git/dist/main.js:2:1028191)
	at async T.run (/var/www/1st.kinari.ink/.vscode-server/cli/servers/Stable-f1e16e1e6214d7c44d078b1f0607b2388f29d729/server/extensions/git/dist/main.js:2:1027795)
	at async T.getBranch (/var/www/1st.kinari.ink/.vscode-server/cli/servers/Stable-f1e16e1e6214d7c44d078b1f0607b2388f29d729/server/extensions/git/dist/main.js:2:1016176)
	at async T.getBranchBase (/var/www/1st.kinari.ink/.vscode-server/cli/servers/Stable-f1e16e1e6214d7c44d078b1f0607b2388f29d729/server/extensions/git/dist/main.js:2:1016462)
	at async t.GitHistoryProvider.resolveHEADMergeBase (/var/www/1st.kinari.ink/.vscode-server/cli/servers/Stable-f1e16e1e6214d7c44d078b1f0607b2388f29d729/server/extensions/git/dist/main.js:2:945925)
	at async t.GitHistoryProvider.onDidRunGitStatus (/var/www/1st.kinari.ink/.vscode-server/cli/servers/Stable-f1e16e1e6214d7c44d078b1f0607b2388f29d729/server/extensions/git/dist/main.js:2:940157)
2024-07-31 12:28:31.003 [warning] [Decorations] CAPPING events from decorations provider vscode.git 2728
2024-07-31 12:28:32.007 [error] Error: No such branch: main.
	at F.getBranch (/var/www/1st.kinari.ink/.vscode-server/cli/servers/Stable-f1e16e1e6214d7c44d078b1f0607b2388f29d729/server/extensions/git/dist/main.js:2:935457)
	at async T.retryRun (/var/www/1st.kinari.ink/.vscode-server/cli/servers/Stable-f1e16e1e6214d7c44d078b1f0607b2388f29d729/server/extensions/git/dist/main.js:2:1028191)
	at async T.run (/var/www/1st.kinari.ink/.vscode-server/cli/servers/Stable-f1e16e1e6214d7c44d078b1f0607b2388f29d729/server/extensions/git/dist/main.js:2:1027795)
	at async T.getBranch (/var/www/1st.kinari.ink/.vscode-server/cli/servers/Stable-f1e16e1e6214d7c44d078b1f0607b2388f29d729/server/extensions/git/dist/main.js:2:1016176)
	at async T.getBranchBase (/var/www/1st.kinari.ink/.vscode-server/cli/servers/Stable-f1e16e1e6214d7c44d078b1f0607b2388f29d729/server/extensions/git/dist/main.js:2:1016462)
	at async t.GitHistoryProvider.resolveHEADMergeBase (/var/www/1st.kinari.ink/.vscode-server/cli/servers/Stable-f1e16e1e6214d7c44d078b1f0607b2388f29d729/server/extensions/git/dist/main.js:2:945925)
	at async t.GitHistoryProvider.onDidRunGitStatus (/var/www/1st.kinari.ink/.vscode-server/cli/servers/Stable-f1e16e1e6214d7c44d078b1f0607b2388f29d729/server/extensions/git/dist/main.js:2:940157)
2024-07-31 12:28:36.051 [warning] [Decorations] CAPPING events from decorations provider vscode.git 2728
2024-07-31 12:28:37.054 [error] Error: No such branch: main.
	at F.getBranch (/var/www/1st.kinari.ink/.vscode-server/cli/servers/Stable-f1e16e1e6214d7c44d078b1f0607b2388f29d729/server/extensions/git/dist/main.js:2:935457)
	at async T.retryRun (/var/www/1st.kinari.ink/.vscode-server/cli/servers/Stable-f1e16e1e6214d7c44d078b1f0607b2388f29d729/server/extensions/git/dist/main.js:2:1028191)
	at async T.run (/var/www/1st.kinari.ink/.vscode-server/cli/servers/Stable-f1e16e1e6214d7c44d078b1f0607b2388f29d729/server/extensions/git/dist/main.js:2:1027795)
	at async T.getBranch (/var/www/1st.kinari.ink/.vscode-server/cli/servers/Stable-f1e16e1e6214d7c44d078b1f0607b2388f29d729/server/extensions/git/dist/main.js:2:1016176)
	at async T.getBranchBase (/var/www/1st.kinari.ink/.vscode-server/cli/servers/Stable-f1e16e1e6214d7c44d078b1f0607b2388f29d729/server/extensions/git/dist/main.js:2:1016462)
	at async t.GitHistoryProvider.resolveHEADMergeBase (/var/www/1st.kinari.ink/.vscode-server/cli/servers/Stable-f1e16e1e6214d7c44d078b1f0607b2388f29d729/server/extensions/git/dist/main.js:2:945925)
	at async t.GitHistoryProvider.onDidRunGitStatus (/var/www/1st.kinari.ink/.vscode-server/cli/servers/Stable-f1e16e1e6214d7c44d078b1f0607b2388f29d729/server/extensions/git/dist/main.js:2:940157)
2024-07-31 12:28:37.429 [warning] [Decorations] CAPPING events from decorations provider vscode.git 2728
2024-07-31 12:28:38.432 [error] Error: No such branch: main.
	at F.getBranch (/var/www/1st.kinari.ink/.vscode-server/cli/servers/Stable-f1e16e1e6214d7c44d078b1f0607b2388f29d729/server/extensions/git/dist/main.js:2:935457)
	at async T.retryRun (/var/www/1st.kinari.ink/.vscode-server/cli/servers/Stable-f1e16e1e6214d7c44d078b1f0607b2388f29d729/server/extensions/git/dist/main.js:2:1028191)
	at async T.run (/var/www/1st.kinari.ink/.vscode-server/cli/servers/Stable-f1e16e1e6214d7c44d078b1f0607b2388f29d729/server/extensions/git/dist/main.js:2:1027795)
	at async T.getBranch (/var/www/1st.kinari.ink/.vscode-server/cli/servers/Stable-f1e16e1e6214d7c44d078b1f0607b2388f29d729/server/extensions/git/dist/main.js:2:1016176)
	at async T.getBranchBase (/var/www/1st.kinari.ink/.vscode-server/cli/servers/Stable-f1e16e1e6214d7c44d078b1f0607b2388f29d729/server/extensions/git/dist/main.js:2:1016462)
	at async t.GitHistoryProvider.resolveHEADMergeBase (/var/www/1st.kinari.ink/.vscode-server/cli/servers/Stable-f1e16e1e6214d7c44d078b1f0607b2388f29d729/server/extensions/git/dist/main.js:2:945925)
	at async t.GitHistoryProvider.onDidRunGitStatus (/var/www/1st.kinari.ink/.vscode-server/cli/servers/Stable-f1e16e1e6214d7c44d078b1f0607b2388f29d729/server/extensions/git/dist/main.js:2:940157)
2024-07-31 12:28:38.719 [warning] [Decorations] CAPPING events from decorations provider vscode.git 2728
2024-07-31 12:28:39.696 [warning] [Decorations] CAPPING events from decorations provider vscode.git 2728
2024-07-31 12:28:39.722 [error] Error: No such branch: main.
	at F.getBranch (/var/www/1st.kinari.ink/.vscode-server/cli/servers/Stable-f1e16e1e6214d7c44d078b1f0607b2388f29d729/server/extensions/git/dist/main.js:2:935457)
	at async T.retryRun (/var/www/1st.kinari.ink/.vscode-server/cli/servers/Stable-f1e16e1e6214d7c44d078b1f0607b2388f29d729/server/extensions/git/dist/main.js:2:1028191)
	at async T.run (/var/www/1st.kinari.ink/.vscode-server/cli/servers/Stable-f1e16e1e6214d7c44d078b1f0607b2388f29d729/server/extensions/git/dist/main.js:2:1027795)
	at async T.getBranch (/var/www/1st.kinari.ink/.vscode-server/cli/servers/Stable-f1e16e1e6214d7c44d078b1f0607b2388f29d729/server/extensions/git/dist/main.js:2:1016176)
	at async T.getBranchBase (/var/www/1st.kinari.ink/.vscode-server/cli/servers/Stable-f1e16e1e6214d7c44d078b1f0607b2388f29d729/server/extensions/git/dist/main.js:2:1016462)
	at async t.GitHistoryProvider.resolveHEADMergeBase (/var/www/1st.kinari.ink/.vscode-server/cli/servers/Stable-f1e16e1e6214d7c44d078b1f0607b2388f29d729/server/extensions/git/dist/main.js:2:945925)
	at async t.GitHistoryProvider.onDidRunGitStatus (/var/www/1st.kinari.ink/.vscode-server/cli/servers/Stable-f1e16e1e6214d7c44d078b1f0607b2388f29d729/server/extensions/git/dist/main.js:2:940157)
2024-07-31 12:28:40.699 [error] Error: No such branch: main.
	at F.getBranch (/var/www/1st.kinari.ink/.vscode-server/cli/servers/Stable-f1e16e1e6214d7c44d078b1f0607b2388f29d729/server/extensions/git/dist/main.js:2:935457)
	at async T.retryRun (/var/www/1st.kinari.ink/.vscode-server/cli/servers/Stable-f1e16e1e6214d7c44d078b1f0607b2388f29d729/server/extensions/git/dist/main.js:2:1028191)
	at async T.run (/var/www/1st.kinari.ink/.vscode-server/cli/servers/Stable-f1e16e1e6214d7c44d078b1f0607b2388f29d729/server/extensions/git/dist/main.js:2:1027795)
	at async T.getBranch (/var/www/1st.kinari.ink/.vscode-server/cli/servers/Stable-f1e16e1e6214d7c44d078b1f0607b2388f29d729/server/extensions/git/dist/main.js:2:1016176)
	at async T.getBranchBase (/var/www/1st.kinari.ink/.vscode-server/cli/servers/Stable-f1e16e1e6214d7c44d078b1f0607b2388f29d729/server/extensions/git/dist/main.js:2:1016462)
	at async t.GitHistoryProvider.resolveHEADMergeBase (/var/www/1st.kinari.ink/.vscode-server/cli/servers/Stable-f1e16e1e6214d7c44d078b1f0607b2388f29d729/server/extensions/git/dist/main.js:2:945925)
	at async t.GitHistoryProvider.onDidRunGitStatus (/var/www/1st.kinari.ink/.vscode-server/cli/servers/Stable-f1e16e1e6214d7c44d078b1f0607b2388f29d729/server/extensions/git/dist/main.js:2:940157)
2024-07-31 12:28:41.099 [warning] [Decorations] CAPPING events from decorations provider vscode.git 2728
2024-07-31 12:28:41.451 [warning] [Decorations] CAPPING events from decorations provider vscode.git 2728
2024-07-31 12:28:42.102 [error] Error: No such branch: main.
	at F.getBranch (/var/www/1st.kinari.ink/.vscode-server/cli/servers/Stable-f1e16e1e6214d7c44d078b1f0607b2388f29d729/server/extensions/git/dist/main.js:2:935457)
	at async T.retryRun (/var/www/1st.kinari.ink/.vscode-server/cli/servers/Stable-f1e16e1e6214d7c44d078b1f0607b2388f29d729/server/extensions/git/dist/main.js:2:1028191)
	at async T.run (/var/www/1st.kinari.ink/.vscode-server/cli/servers/Stable-f1e16e1e6214d7c44d078b1f0607b2388f29d729/server/extensions/git/dist/main.js:2:1027795)
	at async T.getBranch (/var/www/1st.kinari.ink/.vscode-server/cli/servers/Stable-f1e16e1e6214d7c44d078b1f0607b2388f29d729/server/extensions/git/dist/main.js:2:1016176)
	at async T.getBranchBase (/var/www/1st.kinari.ink/.vscode-server/cli/servers/Stable-f1e16e1e6214d7c44d078b1f0607b2388f29d729/server/extensions/git/dist/main.js:2:1016462)
	at async t.GitHistoryProvider.resolveHEADMergeBase (/var/www/1st.kinari.ink/.vscode-server/cli/servers/Stable-f1e16e1e6214d7c44d078b1f0607b2388f29d729/server/extensions/git/dist/main.js:2:945925)
	at async t.GitHistoryProvider.onDidRunGitStatus (/var/www/1st.kinari.ink/.vscode-server/cli/servers/Stable-f1e16e1e6214d7c44d078b1f0607b2388f29d729/server/extensions/git/dist/main.js:2:940157)
2024-07-31 12:28:42.213 [warning] [Decorations] CAPPING events from decorations provider vscode.git 2728
2024-07-31 12:28:42.514 [error] Error: No such branch: main.
	at F.getBranch (/var/www/1st.kinari.ink/.vscode-server/cli/servers/Stable-f1e16e1e6214d7c44d078b1f0607b2388f29d729/server/extensions/git/dist/main.js:2:935457)
	at async T.retryRun (/var/www/1st.kinari.ink/.vscode-server/cli/servers/Stable-f1e16e1e6214d7c44d078b1f0607b2388f29d729/server/extensions/git/dist/main.js:2:1028191)
	at async T.run (/var/www/1st.kinari.ink/.vscode-server/cli/servers/Stable-f1e16e1e6214d7c44d078b1f0607b2388f29d729/server/extensions/git/dist/main.js:2:1027795)
	at async T.getBranch (/var/www/1st.kinari.ink/.vscode-server/cli/servers/Stable-f1e16e1e6214d7c44d078b1f0607b2388f29d729/server/extensions/git/dist/main.js:2:1016176)
	at async T.getBranchBase (/var/www/1st.kinari.ink/.vscode-server/cli/servers/Stable-f1e16e1e6214d7c44d078b1f0607b2388f29d729/server/extensions/git/dist/main.js:2:1016462)
	at async t.GitHistoryProvider.resolveHEADMergeBase (/var/www/1st.kinari.ink/.vscode-server/cli/servers/Stable-f1e16e1e6214d7c44d078b1f0607b2388f29d729/server/extensions/git/dist/main.js:2:945925)
	at async t.GitHistoryProvider.onDidRunGitStatus (/var/www/1st.kinari.ink/.vscode-server/cli/servers/Stable-f1e16e1e6214d7c44d078b1f0607b2388f29d729/server/extensions/git/dist/main.js:2:940157)
2024-07-31 12:28:43.238 [warning] [Decorations] CAPPING events from decorations provider vscode.git 2728
2024-07-31 12:28:43.241 [error] Error: No such branch: main.
	at F.getBranch (/var/www/1st.kinari.ink/.vscode-server/cli/servers/Stable-f1e16e1e6214d7c44d078b1f0607b2388f29d729/server/extensions/git/dist/main.js:2:935457)
	at async T.retryRun (/var/www/1st.kinari.ink/.vscode-server/cli/servers/Stable-f1e16e1e6214d7c44d078b1f0607b2388f29d729/server/extensions/git/dist/main.js:2:1028191)
	at async T.run (/var/www/1st.kinari.ink/.vscode-server/cli/servers/Stable-f1e16e1e6214d7c44d078b1f0607b2388f29d729/server/extensions/git/dist/main.js:2:1027795)
	at async T.getBranch (/var/www/1st.kinari.ink/.vscode-server/cli/servers/Stable-f1e16e1e6214d7c44d078b1f0607b2388f29d729/server/extensions/git/dist/main.js:2:1016176)
	at async T.getBranchBase (/var/www/1st.kinari.ink/.vscode-server/cli/servers/Stable-f1e16e1e6214d7c44d078b1f0607b2388f29d729/server/extensions/git/dist/main.js:2:1016462)
	at async t.GitHistoryProvider.resolveHEADMergeBase (/var/www/1st.kinari.ink/.vscode-server/cli/servers/Stable-f1e16e1e6214d7c44d078b1f0607b2388f29d729/server/extensions/git/dist/main.js:2:945925)
	at async t.GitHistoryProvider.onDidRunGitStatus (/var/www/1st.kinari.ink/.vscode-server/cli/servers/Stable-f1e16e1e6214d7c44d078b1f0607b2388f29d729/server/extensions/git/dist/main.js:2:940157)
2024-07-31 12:28:44.236 [warning] [Decorations] CAPPING events from decorations provider vscode.git 2728
2024-07-31 12:28:44.243 [error] Error: No such branch: main.
	at F.getBranch (/var/www/1st.kinari.ink/.vscode-server/cli/servers/Stable-f1e16e1e6214d7c44d078b1f0607b2388f29d729/server/extensions/git/dist/main.js:2:935457)
	at async T.retryRun (/var/www/1st.kinari.ink/.vscode-server/cli/servers/Stable-f1e16e1e6214d7c44d078b1f0607b2388f29d729/server/extensions/git/dist/main.js:2:1028191)
	at async T.run (/var/www/1st.kinari.ink/.vscode-server/cli/servers/Stable-f1e16e1e6214d7c44d078b1f0607b2388f29d729/server/extensions/git/dist/main.js:2:1027795)
	at async T.getBranch (/var/www/1st.kinari.ink/.vscode-server/cli/servers/Stable-f1e16e1e6214d7c44d078b1f0607b2388f29d729/server/extensions/git/dist/main.js:2:1016176)
	at async T.getBranchBase (/var/www/1st.kinari.ink/.vscode-server/cli/servers/Stable-f1e16e1e6214d7c44d078b1f0607b2388f29d729/server/extensions/git/dist/main.js:2:1016462)
	at async t.GitHistoryProvider.resolveHEADMergeBase (/var/www/1st.kinari.ink/.vscode-server/cli/servers/Stable-f1e16e1e6214d7c44d078b1f0607b2388f29d729/server/extensions/git/dist/main.js:2:945925)
	at async t.GitHistoryProvider.onDidRunGitStatus (/var/www/1st.kinari.ink/.vscode-server/cli/servers/Stable-f1e16e1e6214d7c44d078b1f0607b2388f29d729/server/extensions/git/dist/main.js:2:940157)
2024-07-31 12:28:45.211 [warning] [Decorations] CAPPING events from decorations provider vscode.git 2728
2024-07-31 12:28:45.240 [error] Error: No such branch: main.
	at F.getBranch (/var/www/1st.kinari.ink/.vscode-server/cli/servers/Stable-f1e16e1e6214d7c44d078b1f0607b2388f29d729/server/extensions/git/dist/main.js:2:935457)
	at async T.retryRun (/var/www/1st.kinari.ink/.vscode-server/cli/servers/Stable-f1e16e1e6214d7c44d078b1f0607b2388f29d729/server/extensions/git/dist/main.js:2:1028191)
	at async T.run (/var/www/1st.kinari.ink/.vscode-server/cli/servers/Stable-f1e16e1e6214d7c44d078b1f0607b2388f29d729/server/extensions/git/dist/main.js:2:1027795)
	at async T.getBranch (/var/www/1st.kinari.ink/.vscode-server/cli/servers/Stable-f1e16e1e6214d7c44d078b1f0607b2388f29d729/server/extensions/git/dist/main.js:2:1016176)
	at async T.getBranchBase (/var/www/1st.kinari.ink/.vscode-server/cli/servers/Stable-f1e16e1e6214d7c44d078b1f0607b2388f29d729/server/extensions/git/dist/main.js:2:1016462)
	at async t.GitHistoryProvider.resolveHEADMergeBase (/var/www/1st.kinari.ink/.vscode-server/cli/servers/Stable-f1e16e1e6214d7c44d078b1f0607b2388f29d729/server/extensions/git/dist/main.js:2:945925)
	at async t.GitHistoryProvider.onDidRunGitStatus (/var/www/1st.kinari.ink/.vscode-server/cli/servers/Stable-f1e16e1e6214d7c44d078b1f0607b2388f29d729/server/extensions/git/dist/main.js:2:940157)
2024-07-31 12:28:46.148 [warning] [Decorations] CAPPING events from decorations provider vscode.git 2728
2024-07-31 12:28:46.228 [warning] [Decorations] CAPPING events from decorations provider vscode.git 2728
2024-07-31 12:28:46.231 [error] Error: No such branch: main.
	at F.getBranch (/var/www/1st.kinari.ink/.vscode-server/cli/servers/Stable-f1e16e1e6214d7c44d078b1f0607b2388f29d729/server/extensions/git/dist/main.js:2:935457)
	at async T.retryRun (/var/www/1st.kinari.ink/.vscode-server/cli/servers/Stable-f1e16e1e6214d7c44d078b1f0607b2388f29d729/server/extensions/git/dist/main.js:2:1028191)
	at async T.run (/var/www/1st.kinari.ink/.vscode-server/cli/servers/Stable-f1e16e1e6214d7c44d078b1f0607b2388f29d729/server/extensions/git/dist/main.js:2:1027795)
	at async T.getBranch (/var/www/1st.kinari.ink/.vscode-server/cli/servers/Stable-f1e16e1e6214d7c44d078b1f0607b2388f29d729/server/extensions/git/dist/main.js:2:1016176)
	at async T.getBranchBase (/var/www/1st.kinari.ink/.vscode-server/cli/servers/Stable-f1e16e1e6214d7c44d078b1f0607b2388f29d729/server/extensions/git/dist/main.js:2:1016462)
	at async t.GitHistoryProvider.resolveHEADMergeBase (/var/www/1st.kinari.ink/.vscode-server/cli/servers/Stable-f1e16e1e6214d7c44d078b1f0607b2388f29d729/server/extensions/git/dist/main.js:2:945925)
	at async t.GitHistoryProvider.onDidRunGitStatus (/var/www/1st.kinari.ink/.vscode-server/cli/servers/Stable-f1e16e1e6214d7c44d078b1f0607b2388f29d729/server/extensions/git/dist/main.js:2:940157)
2024-07-31 12:28:47.153 [error] Error: No such branch: main.
	at F.getBranch (/var/www/1st.kinari.ink/.vscode-server/cli/servers/Stable-f1e16e1e6214d7c44d078b1f0607b2388f29d729/server/extensions/git/dist/main.js:2:935457)
	at async T.retryRun (/var/www/1st.kinari.ink/.vscode-server/cli/servers/Stable-f1e16e1e6214d7c44d078b1f0607b2388f29d729/server/extensions/git/dist/main.js:2:1028191)
	at async T.run (/var/www/1st.kinari.ink/.vscode-server/cli/servers/Stable-f1e16e1e6214d7c44d078b1f0607b2388f29d729/server/extensions/git/dist/main.js:2:1027795)
	at async T.getBranch (/var/www/1st.kinari.ink/.vscode-server/cli/servers/Stable-f1e16e1e6214d7c44d078b1f0607b2388f29d729/server/extensions/git/dist/main.js:2:1016176)
	at async T.getBranchBase (/var/www/1st.kinari.ink/.vscode-server/cli/servers/Stable-f1e16e1e6214d7c44d078b1f0607b2388f29d729/server/extensions/git/dist/main.js:2:1016462)
	at async t.GitHistoryProvider.resolveHEADMergeBase (/var/www/1st.kinari.ink/.vscode-server/cli/servers/Stable-f1e16e1e6214d7c44d078b1f0607b2388f29d729/server/extensions/git/dist/main.js:2:945925)
	at async t.GitHistoryProvider.onDidRunGitStatus (/var/www/1st.kinari.ink/.vscode-server/cli/servers/Stable-f1e16e1e6214d7c44d078b1f0607b2388f29d729/server/extensions/git/dist/main.js:2:940157)
2024-07-31 12:28:47.234 [error] Error: No such branch: main.
	at F.getBranch (/var/www/1st.kinari.ink/.vscode-server/cli/servers/Stable-f1e16e1e6214d7c44d078b1f0607b2388f29d729/server/extensions/git/dist/main.js:2:935457)
	at async T.retryRun (/var/www/1st.kinari.ink/.vscode-server/cli/servers/Stable-f1e16e1e6214d7c44d078b1f0607b2388f29d729/server/extensions/git/dist/main.js:2:1028191)
	at async T.run (/var/www/1st.kinari.ink/.vscode-server/cli/servers/Stable-f1e16e1e6214d7c44d078b1f0607b2388f29d729/server/extensions/git/dist/main.js:2:1027795)
	at async T.getBranch (/var/www/1st.kinari.ink/.vscode-server/cli/servers/Stable-f1e16e1e6214d7c44d078b1f0607b2388f29d729/server/extensions/git/dist/main.js:2:1016176)
	at async T.getBranchBase (/var/www/1st.kinari.ink/.vscode-server/cli/servers/Stable-f1e16e1e6214d7c44d078b1f0607b2388f29d729/server/extensions/git/dist/main.js:2:1016462)
	at async t.GitHistoryProvider.resolveHEADMergeBase (/var/www/1st.kinari.ink/.vscode-server/cli/servers/Stable-f1e16e1e6214d7c44d078b1f0607b2388f29d729/server/extensions/git/dist/main.js:2:945925)
	at async t.GitHistoryProvider.onDidRunGitStatus (/var/www/1st.kinari.ink/.vscode-server/cli/servers/Stable-f1e16e1e6214d7c44d078b1f0607b2388f29d729/server/extensions/git/dist/main.js:2:940157)
2024-07-31 12:28:51.198 [warning] [Decorations] CAPPING events from decorations provider vscode.git 2728
2024-07-31 12:28:52.202 [error] Error: No such branch: main.
	at F.getBranch (/var/www/1st.kinari.ink/.vscode-server/cli/servers/Stable-f1e16e1e6214d7c44d078b1f0607b2388f29d729/server/extensions/git/dist/main.js:2:935457)
	at async T.retryRun (/var/www/1st.kinari.ink/.vscode-server/cli/servers/Stable-f1e16e1e6214d7c44d078b1f0607b2388f29d729/server/extensions/git/dist/main.js:2:1028191)
	at async T.run (/var/www/1st.kinari.ink/.vscode-server/cli/servers/Stable-f1e16e1e6214d7c44d078b1f0607b2388f29d729/server/extensions/git/dist/main.js:2:1027795)
	at async T.getBranch (/var/www/1st.kinari.ink/.vscode-server/cli/servers/Stable-f1e16e1e6214d7c44d078b1f0607b2388f29d729/server/extensions/git/dist/main.js:2:1016176)
	at async T.getBranchBase (/var/www/1st.kinari.ink/.vscode-server/cli/servers/Stable-f1e16e1e6214d7c44d078b1f0607b2388f29d729/server/extensions/git/dist/main.js:2:1016462)
	at async t.GitHistoryProvider.resolveHEADMergeBase (/var/www/1st.kinari.ink/.vscode-server/cli/servers/Stable-f1e16e1e6214d7c44d078b1f0607b2388f29d729/server/extensions/git/dist/main.js:2:945925)
	at async t.GitHistoryProvider.onDidRunGitStatus (/var/www/1st.kinari.ink/.vscode-server/cli/servers/Stable-f1e16e1e6214d7c44d078b1f0607b2388f29d729/server/extensions/git/dist/main.js:2:940157)
2024-07-31 12:28:56.249 [warning] [Decorations] CAPPING events from decorations provider vscode.git 2728
2024-07-31 12:28:57.252 [error] Error: No such branch: main.
	at F.getBranch (/var/www/1st.kinari.ink/.vscode-server/cli/servers/Stable-f1e16e1e6214d7c44d078b1f0607b2388f29d729/server/extensions/git/dist/main.js:2:935457)
	at async T.retryRun (/var/www/1st.kinari.ink/.vscode-server/cli/servers/Stable-f1e16e1e6214d7c44d078b1f0607b2388f29d729/server/extensions/git/dist/main.js:2:1028191)
	at async T.run (/var/www/1st.kinari.ink/.vscode-server/cli/servers/Stable-f1e16e1e6214d7c44d078b1f0607b2388f29d729/server/extensions/git/dist/main.js:2:1027795)
	at async T.getBranch (/var/www/1st.kinari.ink/.vscode-server/cli/servers/Stable-f1e16e1e6214d7c44d078b1f0607b2388f29d729/server/extensions/git/dist/main.js:2:1016176)
	at async T.getBranchBase (/var/www/1st.kinari.ink/.vscode-server/cli/servers/Stable-f1e16e1e6214d7c44d078b1f0607b2388f29d729/server/extensions/git/dist/main.js:2:1016462)
	at async t.GitHistoryProvider.resolveHEADMergeBase (/var/www/1st.kinari.ink/.vscode-server/cli/servers/Stable-f1e16e1e6214d7c44d078b1f0607b2388f29d729/server/extensions/git/dist/main.js:2:945925)
	at async t.GitHistoryProvider.onDidRunGitStatus (/var/www/1st.kinari.ink/.vscode-server/cli/servers/Stable-f1e16e1e6214d7c44d078b1f0607b2388f29d729/server/extensions/git/dist/main.js:2:940157)
2024-07-31 12:29:01.298 [warning] [Decorations] CAPPING events from decorations provider vscode.git 2728
2024-07-31 12:29:02.303 [error] Error: No such branch: main.
	at F.getBranch (/var/www/1st.kinari.ink/.vscode-server/cli/servers/Stable-f1e16e1e6214d7c44d078b1f0607b2388f29d729/server/extensions/git/dist/main.js:2:935457)
	at async T.retryRun (/var/www/1st.kinari.ink/.vscode-server/cli/servers/Stable-f1e16e1e6214d7c44d078b1f0607b2388f29d729/server/extensions/git/dist/main.js:2:1028191)
	at async T.run (/var/www/1st.kinari.ink/.vscode-server/cli/servers/Stable-f1e16e1e6214d7c44d078b1f0607b2388f29d729/server/extensions/git/dist/main.js:2:1027795)
	at async T.getBranch (/var/www/1st.kinari.ink/.vscode-server/cli/servers/Stable-f1e16e1e6214d7c44d078b1f0607b2388f29d729/server/extensions/git/dist/main.js:2:1016176)
	at async T.getBranchBase (/var/www/1st.kinari.ink/.vscode-server/cli/servers/Stable-f1e16e1e6214d7c44d078b1f0607b2388f29d729/server/extensions/git/dist/main.js:2:1016462)
	at async t.GitHistoryProvider.resolveHEADMergeBase (/var/www/1st.kinari.ink/.vscode-server/cli/servers/Stable-f1e16e1e6214d7c44d078b1f0607b2388f29d729/server/extensions/git/dist/main.js:2:945925)
	at async t.GitHistoryProvider.onDidRunGitStatus (/var/www/1st.kinari.ink/.vscode-server/cli/servers/Stable-f1e16e1e6214d7c44d078b1f0607b2388f29d729/server/extensions/git/dist/main.js:2:940157)
2024-07-31 12:29:04.913 [warning] [Decorations] CAPPING events from decorations provider vscode.git 2728
2024-07-31 12:29:05.917 [error] Error: No such branch: main.
	at F.getBranch (/var/www/1st.kinari.ink/.vscode-server/cli/servers/Stable-f1e16e1e6214d7c44d078b1f0607b2388f29d729/server/extensions/git/dist/main.js:2:935457)
	at async T.retryRun (/var/www/1st.kinari.ink/.vscode-server/cli/servers/Stable-f1e16e1e6214d7c44d078b1f0607b2388f29d729/server/extensions/git/dist/main.js:2:1028191)
	at async T.run (/var/www/1st.kinari.ink/.vscode-server/cli/servers/Stable-f1e16e1e6214d7c44d078b1f0607b2388f29d729/server/extensions/git/dist/main.js:2:1027795)
	at async T.getBranch (/var/www/1st.kinari.ink/.vscode-server/cli/servers/Stable-f1e16e1e6214d7c44d078b1f0607b2388f29d729/server/extensions/git/dist/main.js:2:1016176)
	at async T.getBranchBase (/var/www/1st.kinari.ink/.vscode-server/cli/servers/Stable-f1e16e1e6214d7c44d078b1f0607b2388f29d729/server/extensions/git/dist/main.js:2:1016462)
	at async t.GitHistoryProvider.resolveHEADMergeBase (/var/www/1st.kinari.ink/.vscode-server/cli/servers/Stable-f1e16e1e6214d7c44d078b1f0607b2388f29d729/server/extensions/git/dist/main.js:2:945925)
	at async t.GitHistoryProvider.onDidRunGitStatus (/var/www/1st.kinari.ink/.vscode-server/cli/servers/Stable-f1e16e1e6214d7c44d078b1f0607b2388f29d729/server/extensions/git/dist/main.js:2:940157)
2024-07-31 12:29:06.654 [warning] [Decorations] CAPPING events from decorations provider vscode.git 2728
2024-07-31 12:29:07.660 [error] Error: No such branch: main.
	at F.getBranch (/var/www/1st.kinari.ink/.vscode-server/cli/servers/Stable-f1e16e1e6214d7c44d078b1f0607b2388f29d729/server/extensions/git/dist/main.js:2:935457)
	at async T.retryRun (/var/www/1st.kinari.ink/.vscode-server/cli/servers/Stable-f1e16e1e6214d7c44d078b1f0607b2388f29d729/server/extensions/git/dist/main.js:2:1028191)
	at async T.run (/var/www/1st.kinari.ink/.vscode-server/cli/servers/Stable-f1e16e1e6214d7c44d078b1f0607b2388f29d729/server/extensions/git/dist/main.js:2:1027795)
	at async T.getBranch (/var/www/1st.kinari.ink/.vscode-server/cli/servers/Stable-f1e16e1e6214d7c44d078b1f0607b2388f29d729/server/extensions/git/dist/main.js:2:1016176)
	at async T.getBranchBase (/var/www/1st.kinari.ink/.vscode-server/cli/servers/Stable-f1e16e1e6214d7c44d078b1f0607b2388f29d729/server/extensions/git/dist/main.js:2:1016462)
	at async t.GitHistoryProvider.resolveHEADMergeBase (/var/www/1st.kinari.ink/.vscode-server/cli/servers/Stable-f1e16e1e6214d7c44d078b1f0607b2388f29d729/server/extensions/git/dist/main.js:2:945925)
	at async t.GitHistoryProvider.onDidRunGitStatus (/var/www/1st.kinari.ink/.vscode-server/cli/servers/Stable-f1e16e1e6214d7c44d078b1f0607b2388f29d729/server/extensions/git/dist/main.js:2:940157)
2024-07-31 12:29:11.706 [warning] [Decorations] CAPPING events from decorations provider vscode.git 2728
2024-07-31 12:29:12.710 [error] Error: No such branch: main.
	at F.getBranch (/var/www/1st.kinari.ink/.vscode-server/cli/servers/Stable-f1e16e1e6214d7c44d078b1f0607b2388f29d729/server/extensions/git/dist/main.js:2:935457)
	at async T.retryRun (/var/www/1st.kinari.ink/.vscode-server/cli/servers/Stable-f1e16e1e6214d7c44d078b1f0607b2388f29d729/server/extensions/git/dist/main.js:2:1028191)
	at async T.run (/var/www/1st.kinari.ink/.vscode-server/cli/servers/Stable-f1e16e1e6214d7c44d078b1f0607b2388f29d729/server/extensions/git/dist/main.js:2:1027795)
	at async T.getBranch (/var/www/1st.kinari.ink/.vscode-server/cli/servers/Stable-f1e16e1e6214d7c44d078b1f0607b2388f29d729/server/extensions/git/dist/main.js:2:1016176)
	at async T.getBranchBase (/var/www/1st.kinari.ink/.vscode-server/cli/servers/Stable-f1e16e1e6214d7c44d078b1f0607b2388f29d729/server/extensions/git/dist/main.js:2:1016462)
	at async t.GitHistoryProvider.resolveHEADMergeBase (/var/www/1st.kinari.ink/.vscode-server/cli/servers/Stable-f1e16e1e6214d7c44d078b1f0607b2388f29d729/server/extensions/git/dist/main.js:2:945925)
	at async t.GitHistoryProvider.onDidRunGitStatus (/var/www/1st.kinari.ink/.vscode-server/cli/servers/Stable-f1e16e1e6214d7c44d078b1f0607b2388f29d729/server/extensions/git/dist/main.js:2:940157)
2024-07-31 12:29:16.756 [warning] [Decorations] CAPPING events from decorations provider vscode.git 2728
2024-07-31 12:29:17.763 [error] Error: No such branch: main.
	at F.getBranch (/var/www/1st.kinari.ink/.vscode-server/cli/servers/Stable-f1e16e1e6214d7c44d078b1f0607b2388f29d729/server/extensions/git/dist/main.js:2:935457)
	at async T.retryRun (/var/www/1st.kinari.ink/.vscode-server/cli/servers/Stable-f1e16e1e6214d7c44d078b1f0607b2388f29d729/server/extensions/git/dist/main.js:2:1028191)
	at async T.run (/var/www/1st.kinari.ink/.vscode-server/cli/servers/Stable-f1e16e1e6214d7c44d078b1f0607b2388f29d729/server/extensions/git/dist/main.js:2:1027795)
	at async T.getBranch (/var/www/1st.kinari.ink/.vscode-server/cli/servers/Stable-f1e16e1e6214d7c44d078b1f0607b2388f29d729/server/extensions/git/dist/main.js:2:1016176)
	at async T.getBranchBase (/var/www/1st.kinari.ink/.vscode-server/cli/servers/Stable-f1e16e1e6214d7c44d078b1f0607b2388f29d729/server/extensions/git/dist/main.js:2:1016462)
	at async t.GitHistoryProvider.resolveHEADMergeBase (/var/www/1st.kinari.ink/.vscode-server/cli/servers/Stable-f1e16e1e6214d7c44d078b1f0607b2388f29d729/server/extensions/git/dist/main.js:2:945925)
	at async t.GitHistoryProvider.onDidRunGitStatus (/var/www/1st.kinari.ink/.vscode-server/cli/servers/Stable-f1e16e1e6214d7c44d078b1f0607b2388f29d729/server/extensions/git/dist/main.js:2:940157)
2024-07-31 12:29:21.805 [warning] [Decorations] CAPPING events from decorations provider vscode.git 2728
2024-07-31 12:29:22.809 [error] Error: No such branch: main.
	at F.getBranch (/var/www/1st.kinari.ink/.vscode-server/cli/servers/Stable-f1e16e1e6214d7c44d078b1f0607b2388f29d729/server/extensions/git/dist/main.js:2:935457)
	at async T.retryRun (/var/www/1st.kinari.ink/.vscode-server/cli/servers/Stable-f1e16e1e6214d7c44d078b1f0607b2388f29d729/server/extensions/git/dist/main.js:2:1028191)
	at async T.run (/var/www/1st.kinari.ink/.vscode-server/cli/servers/Stable-f1e16e1e6214d7c44d078b1f0607b2388f29d729/server/extensions/git/dist/main.js:2:1027795)
	at async T.getBranch (/var/www/1st.kinari.ink/.vscode-server/cli/servers/Stable-f1e16e1e6214d7c44d078b1f0607b2388f29d729/server/extensions/git/dist/main.js:2:1016176)
	at async T.getBranchBase (/var/www/1st.kinari.ink/.vscode-server/cli/servers/Stable-f1e16e1e6214d7c44d078b1f0607b2388f29d729/server/extensions/git/dist/main.js:2:1016462)
	at async t.GitHistoryProvider.resolveHEADMergeBase (/var/www/1st.kinari.ink/.vscode-server/cli/servers/Stable-f1e16e1e6214d7c44d078b1f0607b2388f29d729/server/extensions/git/dist/main.js:2:945925)
	at async t.GitHistoryProvider.onDidRunGitStatus (/var/www/1st.kinari.ink/.vscode-server/cli/servers/Stable-f1e16e1e6214d7c44d078b1f0607b2388f29d729/server/extensions/git/dist/main.js:2:940157)
2024-07-31 12:29:26.857 [warning] [Decorations] CAPPING events from decorations provider vscode.git 2728
2024-07-31 12:29:27.861 [error] Error: No such branch: main.
	at F.getBranch (/var/www/1st.kinari.ink/.vscode-server/cli/servers/Stable-f1e16e1e6214d7c44d078b1f0607b2388f29d729/server/extensions/git/dist/main.js:2:935457)
	at async T.retryRun (/var/www/1st.kinari.ink/.vscode-server/cli/servers/Stable-f1e16e1e6214d7c44d078b1f0607b2388f29d729/server/extensions/git/dist/main.js:2:1028191)
	at async T.run (/var/www/1st.kinari.ink/.vscode-server/cli/servers/Stable-f1e16e1e6214d7c44d078b1f0607b2388f29d729/server/extensions/git/dist/main.js:2:1027795)
	at async T.getBranch (/var/www/1st.kinari.ink/.vscode-server/cli/servers/Stable-f1e16e1e6214d7c44d078b1f0607b2388f29d729/server/extensions/git/dist/main.js:2:1016176)
	at async T.getBranchBase (/var/www/1st.kinari.ink/.vscode-server/cli/servers/Stable-f1e16e1e6214d7c44d078b1f0607b2388f29d729/server/extensions/git/dist/main.js:2:1016462)
	at async t.GitHistoryProvider.resolveHEADMergeBase (/var/www/1st.kinari.ink/.vscode-server/cli/servers/Stable-f1e16e1e6214d7c44d078b1f0607b2388f29d729/server/extensions/git/dist/main.js:2:945925)
	at async t.GitHistoryProvider.onDidRunGitStatus (/var/www/1st.kinari.ink/.vscode-server/cli/servers/Stable-f1e16e1e6214d7c44d078b1f0607b2388f29d729/server/extensions/git/dist/main.js:2:940157)
2024-07-31 12:29:31.906 [warning] [Decorations] CAPPING events from decorations provider vscode.git 2728
2024-07-31 12:29:32.911 [error] Error: No such branch: main.
	at F.getBranch (/var/www/1st.kinari.ink/.vscode-server/cli/servers/Stable-f1e16e1e6214d7c44d078b1f0607b2388f29d729/server/extensions/git/dist/main.js:2:935457)
	at async T.retryRun (/var/www/1st.kinari.ink/.vscode-server/cli/servers/Stable-f1e16e1e6214d7c44d078b1f0607b2388f29d729/server/extensions/git/dist/main.js:2:1028191)
	at async T.run (/var/www/1st.kinari.ink/.vscode-server/cli/servers/Stable-f1e16e1e6214d7c44d078b1f0607b2388f29d729/server/extensions/git/dist/main.js:2:1027795)
	at async T.getBranch (/var/www/1st.kinari.ink/.vscode-server/cli/servers/Stable-f1e16e1e6214d7c44d078b1f0607b2388f29d729/server/extensions/git/dist/main.js:2:1016176)
	at async T.getBranchBase (/var/www/1st.kinari.ink/.vscode-server/cli/servers/Stable-f1e16e1e6214d7c44d078b1f0607b2388f29d729/server/extensions/git/dist/main.js:2:1016462)
	at async t.GitHistoryProvider.resolveHEADMergeBase (/var/www/1st.kinari.ink/.vscode-server/cli/servers/Stable-f1e16e1e6214d7c44d078b1f0607b2388f29d729/server/extensions/git/dist/main.js:2:945925)
	at async t.GitHistoryProvider.onDidRunGitStatus (/var/www/1st.kinari.ink/.vscode-server/cli/servers/Stable-f1e16e1e6214d7c44d078b1f0607b2388f29d729/server/extensions/git/dist/main.js:2:940157)
2024-07-31 12:29:36.958 [warning] [Decorations] CAPPING events from decorations provider vscode.git 2728
2024-07-31 12:29:37.963 [error] Error: No such branch: main.
	at F.getBranch (/var/www/1st.kinari.ink/.vscode-server/cli/servers/Stable-f1e16e1e6214d7c44d078b1f0607b2388f29d729/server/extensions/git/dist/main.js:2:935457)
	at async T.retryRun (/var/www/1st.kinari.ink/.vscode-server/cli/servers/Stable-f1e16e1e6214d7c44d078b1f0607b2388f29d729/server/extensions/git/dist/main.js:2:1028191)
	at async T.run (/var/www/1st.kinari.ink/.vscode-server/cli/servers/Stable-f1e16e1e6214d7c44d078b1f0607b2388f29d729/server/extensions/git/dist/main.js:2:1027795)
	at async T.getBranch (/var/www/1st.kinari.ink/.vscode-server/cli/servers/Stable-f1e16e1e6214d7c44d078b1f0607b2388f29d729/server/extensions/git/dist/main.js:2:1016176)
	at async T.getBranchBase (/var/www/1st.kinari.ink/.vscode-server/cli/servers/Stable-f1e16e1e6214d7c44d078b1f0607b2388f29d729/server/extensions/git/dist/main.js:2:1016462)
	at async t.GitHistoryProvider.resolveHEADMergeBase (/var/www/1st.kinari.ink/.vscode-server/cli/servers/Stable-f1e16e1e6214d7c44d078b1f0607b2388f29d729/server/extensions/git/dist/main.js:2:945925)
	at async t.GitHistoryProvider.onDidRunGitStatus (/var/www/1st.kinari.ink/.vscode-server/cli/servers/Stable-f1e16e1e6214d7c44d078b1f0607b2388f29d729/server/extensions/git/dist/main.js:2:940157)
2024-07-31 12:29:42.012 [warning] [Decorations] CAPPING events from decorations provider vscode.git 2728
2024-07-31 12:29:43.016 [error] Error: No such branch: main.
	at F.getBranch (/var/www/1st.kinari.ink/.vscode-server/cli/servers/Stable-f1e16e1e6214d7c44d078b1f0607b2388f29d729/server/extensions/git/dist/main.js:2:935457)
	at async T.retryRun (/var/www/1st.kinari.ink/.vscode-server/cli/servers/Stable-f1e16e1e6214d7c44d078b1f0607b2388f29d729/server/extensions/git/dist/main.js:2:1028191)
	at async T.run (/var/www/1st.kinari.ink/.vscode-server/cli/servers/Stable-f1e16e1e6214d7c44d078b1f0607b2388f29d729/server/extensions/git/dist/main.js:2:1027795)
	at async T.getBranch (/var/www/1st.kinari.ink/.vscode-server/cli/servers/Stable-f1e16e1e6214d7c44d078b1f0607b2388f29d729/server/extensions/git/dist/main.js:2:1016176)
	at async T.getBranchBase (/var/www/1st.kinari.ink/.vscode-server/cli/servers/Stable-f1e16e1e6214d7c44d078b1f0607b2388f29d729/server/extensions/git/dist/main.js:2:1016462)
	at async t.GitHistoryProvider.resolveHEADMergeBase (/var/www/1st.kinari.ink/.vscode-server/cli/servers/Stable-f1e16e1e6214d7c44d078b1f0607b2388f29d729/server/extensions/git/dist/main.js:2:945925)
	at async t.GitHistoryProvider.onDidRunGitStatus (/var/www/1st.kinari.ink/.vscode-server/cli/servers/Stable-f1e16e1e6214d7c44d078b1f0607b2388f29d729/server/extensions/git/dist/main.js:2:940157)
2024-07-31 12:29:48.807 [warning] [Decorations] CAPPING events from decorations provider vscode.git 2728
2024-07-31 12:29:48.891 [warning] [Decorations] CAPPING events from decorations provider vscode.git 2728
2024-07-31 12:29:49.832 [error] Error: No such branch: main.
	at F.getBranch (/var/www/1st.kinari.ink/.vscode-server/cli/servers/Stable-f1e16e1e6214d7c44d078b1f0607b2388f29d729/server/extensions/git/dist/main.js:2:935457)
	at async T.retryRun (/var/www/1st.kinari.ink/.vscode-server/cli/servers/Stable-f1e16e1e6214d7c44d078b1f0607b2388f29d729/server/extensions/git/dist/main.js:2:1028191)
	at async T.run (/var/www/1st.kinari.ink/.vscode-server/cli/servers/Stable-f1e16e1e6214d7c44d078b1f0607b2388f29d729/server/extensions/git/dist/main.js:2:1027795)
	at async T.getBranch (/var/www/1st.kinari.ink/.vscode-server/cli/servers/Stable-f1e16e1e6214d7c44d078b1f0607b2388f29d729/server/extensions/git/dist/main.js:2:1016176)
	at async T.getBranchBase (/var/www/1st.kinari.ink/.vscode-server/cli/servers/Stable-f1e16e1e6214d7c44d078b1f0607b2388f29d729/server/extensions/git/dist/main.js:2:1016462)
	at async t.GitHistoryProvider.resolveHEADMergeBase (/var/www/1st.kinari.ink/.vscode-server/cli/servers/Stable-f1e16e1e6214d7c44d078b1f0607b2388f29d729/server/extensions/git/dist/main.js:2:945925)
	at async t.GitHistoryProvider.onDidRunGitStatus (/var/www/1st.kinari.ink/.vscode-server/cli/servers/Stable-f1e16e1e6214d7c44d078b1f0607b2388f29d729/server/extensions/git/dist/main.js:2:940157)
2024-07-31 12:29:49.832 [error] Error: No such branch: main.
	at F.getBranch (/var/www/1st.kinari.ink/.vscode-server/cli/servers/Stable-f1e16e1e6214d7c44d078b1f0607b2388f29d729/server/extensions/git/dist/main.js:2:935457)
	at async T.retryRun (/var/www/1st.kinari.ink/.vscode-server/cli/servers/Stable-f1e16e1e6214d7c44d078b1f0607b2388f29d729/server/extensions/git/dist/main.js:2:1028191)
	at async T.run (/var/www/1st.kinari.ink/.vscode-server/cli/servers/Stable-f1e16e1e6214d7c44d078b1f0607b2388f29d729/server/extensions/git/dist/main.js:2:1027795)
	at async T.getBranch (/var/www/1st.kinari.ink/.vscode-server/cli/servers/Stable-f1e16e1e6214d7c44d078b1f0607b2388f29d729/server/extensions/git/dist/main.js:2:1016176)
	at async T.getBranchBase (/var/www/1st.kinari.ink/.vscode-server/cli/servers/Stable-f1e16e1e6214d7c44d078b1f0607b2388f29d729/server/extensions/git/dist/main.js:2:1016462)
	at async t.GitHistoryProvider.resolveHEADMergeBase (/var/www/1st.kinari.ink/.vscode-server/cli/servers/Stable-f1e16e1e6214d7c44d078b1f0607b2388f29d729/server/extensions/git/dist/main.js:2:945925)
	at async t.GitHistoryProvider.onDidRunGitStatus (/var/www/1st.kinari.ink/.vscode-server/cli/servers/Stable-f1e16e1e6214d7c44d078b1f0607b2388f29d729/server/extensions/git/dist/main.js:2:940157)
2024-07-31 12:29:49.896 [error] Error: No such branch: main.
	at F.getBranch (/var/www/1st.kinari.ink/.vscode-server/cli/servers/Stable-f1e16e1e6214d7c44d078b1f0607b2388f29d729/server/extensions/git/dist/main.js:2:935457)
	at async T.retryRun (/var/www/1st.kinari.ink/.vscode-server/cli/servers/Stable-f1e16e1e6214d7c44d078b1f0607b2388f29d729/server/extensions/git/dist/main.js:2:1028191)
	at async T.run (/var/www/1st.kinari.ink/.vscode-server/cli/servers/Stable-f1e16e1e6214d7c44d078b1f0607b2388f29d729/server/extensions/git/dist/main.js:2:1027795)
	at async T.getBranch (/var/www/1st.kinari.ink/.vscode-server/cli/servers/Stable-f1e16e1e6214d7c44d078b1f0607b2388f29d729/server/extensions/git/dist/main.js:2:1016176)
	at async T.getBranchBase (/var/www/1st.kinari.ink/.vscode-server/cli/servers/Stable-f1e16e1e6214d7c44d078b1f0607b2388f29d729/server/extensions/git/dist/main.js:2:1016462)
	at async t.GitHistoryProvider.resolveHEADMergeBase (/var/www/1st.kinari.ink/.vscode-server/cli/servers/Stable-f1e16e1e6214d7c44d078b1f0607b2388f29d729/server/extensions/git/dist/main.js:2:945925)
	at async t.GitHistoryProvider.onDidRunGitStatus (/var/www/1st.kinari.ink/.vscode-server/cli/servers/Stable-f1e16e1e6214d7c44d078b1f0607b2388f29d729/server/extensions/git/dist/main.js:2:940157)
2024-07-31 12:29:53.953 [warning] [Decorations] CAPPING events from decorations provider vscode.git 2728
2024-07-31 12:29:54.957 [error] Error: No such branch: main.
	at F.getBranch (/var/www/1st.kinari.ink/.vscode-server/cli/servers/Stable-f1e16e1e6214d7c44d078b1f0607b2388f29d729/server/extensions/git/dist/main.js:2:935457)
	at async T.retryRun (/var/www/1st.kinari.ink/.vscode-server/cli/servers/Stable-f1e16e1e6214d7c44d078b1f0607b2388f29d729/server/extensions/git/dist/main.js:2:1028191)
	at async T.run (/var/www/1st.kinari.ink/.vscode-server/cli/servers/Stable-f1e16e1e6214d7c44d078b1f0607b2388f29d729/server/extensions/git/dist/main.js:2:1027795)
	at async T.getBranch (/var/www/1st.kinari.ink/.vscode-server/cli/servers/Stable-f1e16e1e6214d7c44d078b1f0607b2388f29d729/server/extensions/git/dist/main.js:2:1016176)
	at async T.getBranchBase (/var/www/1st.kinari.ink/.vscode-server/cli/servers/Stable-f1e16e1e6214d7c44d078b1f0607b2388f29d729/server/extensions/git/dist/main.js:2:1016462)
	at async t.GitHistoryProvider.resolveHEADMergeBase (/var/www/1st.kinari.ink/.vscode-server/cli/servers/Stable-f1e16e1e6214d7c44d078b1f0607b2388f29d729/server/extensions/git/dist/main.js:2:945925)
	at async t.GitHistoryProvider.onDidRunGitStatus (/var/www/1st.kinari.ink/.vscode-server/cli/servers/Stable-f1e16e1e6214d7c44d078b1f0607b2388f29d729/server/extensions/git/dist/main.js:2:940157)
