2024-07-29 15:53:21.857 [info] 로그 수준: Info
2024-07-29 15:53:21.857 [info] "git"에서 찾은 git 유효성을 검사하는 중
2024-07-29 15:53:21.857 [info] "2.34.1"에서 git "git"을(를) 사용하는 중
2024-07-29 15:53:21.863 [info] > git rev-parse --show-toplevel [27ms]
2024-07-29 15:53:21.863 [info] fatal: not a git repository (or any of the parent directories): .git
2024-07-29 15:53:21.866 [info] > git rev-parse --show-toplevel [1ms]
2024-07-29 15:53:21.866 [info] fatal: not a git repository (or any of the parent directories): .git
2024-07-29 15:53:21.869 [info] > git rev-parse --show-toplevel [1ms]
2024-07-29 15:53:21.869 [info] fatal: not a git repository (or any of the parent directories): .git
2024-07-29 15:53:21.872 [info] > git rev-parse --show-toplevel [0ms]
2024-07-29 15:53:21.872 [info] fatal: not a git repository (or any of the parent directories): .git
2024-07-29 15:53:21.874 [info] > git rev-parse --show-toplevel [1ms]
2024-07-29 15:53:21.874 [info] fatal: not a git repository (or any of the parent directories): .git
2024-07-29 15:53:21.876 [info] > git rev-parse --show-toplevel [1ms]
2024-07-29 15:53:21.876 [info] fatal: not a git repository (or any of the parent directories): .git
2024-07-29 15:53:22.553 [info] > git rev-parse --show-toplevel [1ms]
2024-07-29 15:53:22.553 [info] fatal: not a git repository (or any of the parent directories): .git
2024-07-29 15:53:23.523 [info] > git rev-parse --show-toplevel [2ms]
2024-07-29 15:53:23.523 [info] fatal: not a git repository (or any of the parent directories): .git
2024-07-29 15:53:31.923 [info] > git rev-parse --show-toplevel [1ms]
2024-07-29 15:53:31.923 [info] fatal: not a git repository (or any of the parent directories): .git
2024-07-29 15:53:32.913 [info] > git rev-parse --show-toplevel [1ms]
2024-07-29 15:53:32.913 [info] fatal: not a git repository (or any of the parent directories): .git
2024-07-29 15:53:33.651 [info] > git rev-parse --show-toplevel [1ms]
2024-07-29 15:53:33.652 [info] fatal: not a git repository (or any of the parent directories): .git
2024-07-29 15:53:36.190 [info] > git rev-parse --show-toplevel [1ms]
2024-07-29 15:53:36.190 [info] fatal: not a git repository (or any of the parent directories): .git
2024-07-29 15:53:42.333 [info] > git rev-parse --show-toplevel [1ms]
2024-07-29 15:53:42.333 [info] fatal: not a git repository (or any of the parent directories): .git
